#
# There is insufficient memory for the Java Runtime Environment to continue.
# Native memory allocation (malloc) failed to allocate 1731056 bytes. Error detail: Chunk::new
# Possible reasons:
#   The system is out of physical RAM or swap space
#   This process is running with CompressedOops enabled, and the Java Heap may be blocking the growth of the native heap
# Possible solutions:
#   Reduce memory load on the system
#   Increase physical memory or swap space
#   Check if swap backing store is full
#   Decrease Java heap size (-Xmx/-Xms)
#   Decrease number of Java threads
#   Decrease Java thread stack sizes (-Xss)
#   Set larger code cache with -XX:ReservedCodeCacheSize=
#   JVM is running with Unscaled Compressed Oops mode in which the Java heap is
#     placed in the first 4GB address space. The Java Heap base address is the
#     maximum limit for the native heap growth. Please use -XX:HeapBaseMinAddress
#     to set the Java Heap base and to place the Java Heap above 4GB virtual address.
# This output file may be truncated or incomplete.
#
#  Out of Memory Error (arena.cpp:168), pid=15620, tid=6544
#
# JRE version: OpenJDK Runtime Environment Temurin-21.0.6+7 (21.0.6+7) (build 21.0.6+7-LTS)
# Java VM: OpenJDK 64-Bit Server VM Temurin-21.0.6+7 (21.0.6+7-LTS, mixed mode, sharing, tiered, compressed oops, compressed class ptrs, parallel gc, windows-amd64)
# No core dump will be written. Minidumps are not enabled by default on client versions of Windows
#

---------------  S U M M A R Y ------------

Command Line: --add-modules=ALL-SYSTEM --add-opens=java.base/java.util=ALL-UNNAMED --add-opens=java.base/java.lang=ALL-UNNAMED --add-opens=java.base/sun.nio.fs=ALL-UNNAMED -Declipse.application=org.eclipse.jdt.ls.core.id1 -Dosgi.bundles.defaultStartLevel=4 -Declipse.product=org.eclipse.jdt.ls.core.product -Djava.import.generatesMetadataFilesAtProjectRoot=false -DDetectVMInstallationsJob.disabled=true -Dfile.encoding=utf8 -XX:+UseParallelGC -XX:GCTimeRatio=4 -XX:AdaptiveSizePolicyWeight=90 -Dsun.zip.disableMemoryMapping=true -Xmx1G -Xms100m -Xlog:disable -javaagent:c:\Users\fatim\.vscode\extensions\redhat.java-1.40.0-win32-x64\lombok\lombok-1.18.36.jar -XX:+HeapDumpOnOutOfMemoryError -XX:HeapDumpPath=c:\Users\fatim\AppData\Roaming\Code\User\workspaceStorage\fea0dc0e6c48a7c3900dd058ab10fd51\redhat.java -Daether.dependencyCollector.impl=bf c:\Users\fatim\.vscode\extensions\redhat.java-1.40.0-win32-x64\server\plugins\org.eclipse.equinox.launcher_1.6.1000.v20250131-0606.jar -configuration c:\Users\fatim\AppData\Roaming\Code\User\globalStorage\redhat.java\1.40.0\config_win -data c:\Users\fatim\AppData\Roaming\Code\User\workspaceStorage\fea0dc0e6c48a7c3900dd058ab10fd51\redhat.java\jdt_ws --pipe=\\.\pipe\lsp-e73afe5753bb10cf4ca75e33cd79ad7b-sock

Host: Intel(R) Core(TM) i7-8550U CPU @ 1.80GHz, 8 cores, 7G,  Windows 11 , 64 bit Build 26100 (10.0.26100.3037)
Time: Sun Mar  9 20:25:52 2025 West Bank Gaza Standard Time elapsed time: 13734.997766 seconds (0d 3h 48m 54s)

---------------  T H R E A D  ---------------

Current thread (0x00000228d5e4ce10):  JavaThread "C2 CompilerThread0" daemon [_thread_in_native, id=6544, stack(0x0000006b3bb00000,0x0000006b3bc00000) (1024K)]


Current CompileTask:
C2:13734999 15486   !   4       com.google.gson.internal.bind.ReflectiveTypeAdapterFactory$2::write (140 bytes)

Stack: [0x0000006b3bb00000,0x0000006b3bc00000]
Native frames: (J=compiled Java code, j=interpreted, Vv=VM code, C=native code)
V  [jvm.dll+0x6cdee9]
V  [jvm.dll+0x8a83d1]
V  [jvm.dll+0x8aa8fe]
V  [jvm.dll+0x8aafe3]
V  [jvm.dll+0x27f706]
V  [jvm.dll+0xc500d]
V  [jvm.dll+0xc5543]
V  [jvm.dll+0x3b6752]
V  [jvm.dll+0x382935]
V  [jvm.dll+0x381d9a]
V  [jvm.dll+0x2479f0]
V  [jvm.dll+0x246fcf]
V  [jvm.dll+0x1c75ee]
V  [jvm.dll+0x25685a]
V  [jvm.dll+0x254dfa]
V  [jvm.dll+0x3f0256]
V  [jvm.dll+0x851f8b]
V  [jvm.dll+0x6cc5ed]
C  [ucrtbase.dll+0x37b0]
C  [KERNEL32.DLL+0x2e8d7]
C  [ntdll.dll+0xbbf2c]


---------------  P R O C E S S  ---------------

Threads class SMR info:
_java_thread_list=0x000002291e6c3da0, length=40, elements={
0x00000228bf85d710, 0x00000228d5e441c0, 0x00000228d5e47090, 0x00000228d5e47ce0,
0x00000228d5e48930, 0x00000228d5e49580, 0x00000228d5e4bfe0, 0x00000228d5e4ce10,
0x00000229188b9340, 0x00000229189100b0, 0x0000022918b86f40, 0x000002291d442f80,
0x000002291d369230, 0x0000022918a486a0, 0x0000022918a498e0, 0x000002291dcef6d0,
0x000002291dc4d010, 0x000002291ddeab60, 0x000002291ddebf10, 0x000002291ddeb880,
0x000002291ddeb1f0, 0x000002291e5b22c0, 0x000002291e5b0f10, 0x000002291e5b2950,
0x000002291e5b01f0, 0x000002291e5b2fe0, 0x000002291e5b3670, 0x000002291e5b3d00,
0x000002291e5b0880, 0x000002291e5b4390, 0x000002291e5b4a20, 0x000002291e5b5740,
0x000002291e5b7810, 0x0000022920ad8cd0, 0x000002291dcd2c30, 0x000002291dcd1f10,
0x000002291dcd1880, 0x000002291dcd04d0, 0x000002291dcd3950, 0x000002291dcd32c0
}

Java Threads: ( => current thread )
  0x00000228bf85d710 JavaThread "main"                              [_thread_blocked, id=14304, stack(0x0000006b3b100000,0x0000006b3b200000) (1024K)]
  0x00000228d5e441c0 JavaThread "Reference Handler"          daemon [_thread_blocked, id=6928, stack(0x0000006b3b500000,0x0000006b3b600000) (1024K)]
  0x00000228d5e47090 JavaThread "Finalizer"                  daemon [_thread_blocked, id=13396, stack(0x0000006b3b600000,0x0000006b3b700000) (1024K)]
  0x00000228d5e47ce0 JavaThread "Signal Dispatcher"          daemon [_thread_blocked, id=13388, stack(0x0000006b3b700000,0x0000006b3b800000) (1024K)]
  0x00000228d5e48930 JavaThread "Attach Listener"            daemon [_thread_blocked, id=11176, stack(0x0000006b3b800000,0x0000006b3b900000) (1024K)]
  0x00000228d5e49580 JavaThread "Service Thread"             daemon [_thread_blocked, id=13704, stack(0x0000006b3b900000,0x0000006b3ba00000) (1024K)]
  0x00000228d5e4bfe0 JavaThread "Monitor Deflation Thread"   daemon [_thread_blocked, id=11976, stack(0x0000006b3ba00000,0x0000006b3bb00000) (1024K)]
=>0x00000228d5e4ce10 JavaThread "C2 CompilerThread0"         daemon [_thread_in_native, id=6544, stack(0x0000006b3bb00000,0x0000006b3bc00000) (1024K)]
  0x00000229188b9340 JavaThread "C1 CompilerThread0"         daemon [_thread_blocked, id=5980, stack(0x0000006b3bc00000,0x0000006b3bd00000) (1024K)]
  0x00000229189100b0 JavaThread "Common-Cleaner"             daemon [_thread_blocked, id=14488, stack(0x0000006b3bd00000,0x0000006b3be00000) (1024K)]
  0x0000022918b86f40 JavaThread "Notification Thread"        daemon [_thread_blocked, id=16228, stack(0x0000006b3be00000,0x0000006b3bf00000) (1024K)]
  0x000002291d442f80 JavaThread "Active Thread: Equinox Container: 45186a5d-3fc3-433a-aa84-f5a2900a423e"        [_thread_blocked, id=4756, stack(0x0000006b3c500000,0x0000006b3c600000) (1024K)]
  0x000002291d369230 JavaThread "Refresh Thread: Equinox Container: 45186a5d-3fc3-433a-aa84-f5a2900a423e" daemon [_thread_blocked, id=9268, stack(0x0000006b3af00000,0x0000006b3b000000) (1024K)]
  0x0000022918a486a0 JavaThread "Framework Event Dispatcher: Equinox Container: 45186a5d-3fc3-433a-aa84-f5a2900a423e" daemon [_thread_blocked, id=4980, stack(0x0000006b3c700000,0x0000006b3c800000) (1024K)]
  0x0000022918a498e0 JavaThread "Start Level: Equinox Container: 45186a5d-3fc3-433a-aa84-f5a2900a423e" daemon [_thread_blocked, id=12540, stack(0x0000006b3c800000,0x0000006b3c900000) (1024K)]
  0x000002291dcef6d0 JavaThread "Bundle File Closer"         daemon [_thread_blocked, id=16320, stack(0x0000006b3c900000,0x0000006b3ca00000) (1024K)]
  0x000002291dc4d010 JavaThread "SCR Component Actor"        daemon [_thread_blocked, id=2340, stack(0x0000006b3ae00000,0x0000006b3af00000) (1024K)]
  0x000002291ddeab60 JavaThread "Worker-JM"                         [_thread_blocked, id=16040, stack(0x0000006b3ca00000,0x0000006b3cb00000) (1024K)]
  0x000002291ddebf10 JavaThread "JNA Cleaner"                daemon [_thread_blocked, id=13164, stack(0x0000006b3b000000,0x0000006b3b100000) (1024K)]
  0x000002291ddeb880 JavaThread "Worker-2"                          [_thread_blocked, id=9676, stack(0x0000006b3d000000,0x0000006b3d100000) (1024K)]
  0x000002291ddeb1f0 JavaThread "Java indexing"              daemon [_thread_blocked, id=1212, stack(0x0000006b3d200000,0x0000006b3d300000) (1024K)]
  0x000002291e5b22c0 JavaThread "Thread-3"                   daemon [_thread_in_native, id=15916, stack(0x0000006b3d700000,0x0000006b3d800000) (1024K)]
  0x000002291e5b0f10 JavaThread "Thread-4"                   daemon [_thread_in_native, id=10288, stack(0x0000006b3d800000,0x0000006b3d900000) (1024K)]
  0x000002291e5b2950 JavaThread "Thread-5"                   daemon [_thread_in_native, id=13420, stack(0x0000006b3d900000,0x0000006b3da00000) (1024K)]
  0x000002291e5b01f0 JavaThread "Thread-6"                   daemon [_thread_in_native, id=16276, stack(0x0000006b3da00000,0x0000006b3db00000) (1024K)]
  0x000002291e5b2fe0 JavaThread "Thread-7"                   daemon [_thread_in_native, id=3160, stack(0x0000006b3db00000,0x0000006b3dc00000) (1024K)]
  0x000002291e5b3670 JavaThread "Thread-8"                   daemon [_thread_in_native, id=7612, stack(0x0000006b3dc00000,0x0000006b3dd00000) (1024K)]
  0x000002291e5b3d00 JavaThread "Thread-9"                   daemon [_thread_in_native, id=14744, stack(0x0000006b3dd00000,0x0000006b3de00000) (1024K)]
  0x000002291e5b0880 JavaThread "Thread-10"                  daemon [_thread_in_native, id=16140, stack(0x0000006b3de00000,0x0000006b3df00000) (1024K)]
  0x000002291e5b4390 JavaThread "Thread-11"                  daemon [_thread_in_native, id=6388, stack(0x0000006b3df00000,0x0000006b3e000000) (1024K)]
  0x000002291e5b4a20 JavaThread "pool-2-thread-1"                   [_thread_blocked, id=6284, stack(0x0000006b3e000000,0x0000006b3e100000) (1024K)]
  0x000002291e5b5740 JavaThread "WorkspaceEventsHandler"            [_thread_blocked, id=16416, stack(0x0000006b3e200000,0x0000006b3e300000) (1024K)]
  0x000002291e5b7810 JavaThread "pool-1-thread-1"                   [_thread_blocked, id=16420, stack(0x0000006b3e300000,0x0000006b3e400000) (1024K)]
  0x0000022920ad8cd0 JavaThread "Worker-8"                          [_thread_blocked, id=14208, stack(0x0000006b3ed00000,0x0000006b3ee00000) (1024K)]
  0x000002291dcd2c30 JavaThread "Java Debug Server"          daemon [_thread_in_native, id=17972, stack(0x0000006b3cd00000,0x0000006b3ce00000) (1024K)]
  0x000002291dcd1f10 JavaThread "pool-5-thread-1"                   [_thread_blocked, id=17960, stack(0x0000006b3ce00000,0x0000006b3cf00000) (1024K)]
  0x000002291dcd1880 JavaThread "RxSchedulerPurge-1"         daemon [_thread_blocked, id=9860, stack(0x0000006b3cf00000,0x0000006b3d000000) (1024K)]
  0x000002291dcd04d0 JavaThread "RxCachedWorkerPoolEvictor-1" daemon [_thread_blocked, id=18248, stack(0x0000006b3d100000,0x0000006b3d200000) (1024K)]
  0x000002291dcd3950 JavaThread "process reaper (pid 1616)"  daemon [_thread_in_native, id=12800, stack(0x0000006b3abb0000,0x0000006b3abd0000) (128K)]
  0x000002291dcd32c0 JavaThread "ForkJoinPool.commonPool-worker-9" daemon [_thread_in_vm, id=20848, stack(0x0000006b3cb00000,0x0000006b3cc00000) (1024K)]
Total: 40

Other Threads:
  0x00000228c1b332c0 VMThread "VM Thread"                           [id=3380, stack(0x0000006b3b400000,0x0000006b3b500000) (1024K)]
  0x00000228d5d5ba00 WatcherThread "VM Periodic Task Thread"        [id=15140, stack(0x0000006b3b300000,0x0000006b3b400000) (1024K)]
  0x00000228c1aac7a0 WorkerThread "GC Thread#0"                     [id=5688, stack(0x0000006b3b200000,0x0000006b3b300000) (1024K)]
  0x000002291d20b120 WorkerThread "GC Thread#1"                     [id=2272, stack(0x0000006b3bf00000,0x0000006b3c000000) (1024K)]
  0x000002291d207060 WorkerThread "GC Thread#2"                     [id=12220, stack(0x0000006b3c000000,0x0000006b3c100000) (1024K)]
  0x000002291d207400 WorkerThread "GC Thread#3"                     [id=8496, stack(0x0000006b3c100000,0x0000006b3c200000) (1024K)]
  0x000002291d2077a0 WorkerThread "GC Thread#4"                     [id=7032, stack(0x0000006b3c200000,0x0000006b3c300000) (1024K)]
  0x000002291d207b40 WorkerThread "GC Thread#5"                     [id=8196, stack(0x0000006b3c300000,0x0000006b3c400000) (1024K)]
  0x000002291d207ee0 WorkerThread "GC Thread#6"                     [id=4192, stack(0x0000006b3c400000,0x0000006b3c500000) (1024K)]
  0x0000022918bc1ab0 WorkerThread "GC Thread#7"                     [id=8536, stack(0x0000006b3c600000,0x0000006b3c700000) (1024K)]
Total: 10

Threads with active compile tasks:
C2 CompilerThread0  13735160 15486   !   4       com.google.gson.internal.bind.ReflectiveTypeAdapterFactory$2::write (140 bytes)
Total: 1

VM state: not at safepoint (normal execution)

VM Mutex/Monitor currently owned by a thread: None

Heap address: 0x00000000c0000000, size: 1024 MB, Compressed Oops mode: 32-bit

CDS archive(s) mapped at: [0x00000228d6000000-0x00000228d6ba0000-0x00000228d6ba0000), size 12189696, SharedBaseAddress: 0x00000228d6000000, ArchiveRelocationMode: 1.
Compressed class space mapped at: 0x00000228d7000000-0x0000022917000000, reserved size: 1073741824
Narrow klass base: 0x00000228d6000000, Narrow klass shift: 0, Narrow klass range: 0x100000000

GC Precious Log:
 CardTable entry size: 512
 CPUs: 8 total, 8 available
 Memory: 8108M
 Large Page Support: Disabled
 NUMA Support: Disabled
 Compressed Oops: Enabled (32-bit)
 Alignments: Space 512K, Generation 512K, Heap 2M
 Heap Min Capacity: 100M
 Heap Initial Capacity: 100M
 Heap Max Capacity: 1G
 Pre-touch: Disabled
 Parallel Workers: 8

Heap:
 PSYoungGen      total 2560K, used 1834K [0x00000000eab00000, 0x00000000eae80000, 0x0000000100000000)
  eden space 2048K, 80% used [0x00000000eab00000,0x00000000eac9a8a8,0x00000000ead00000)
  from space 512K, 37% used [0x00000000eae00000,0x00000000eae30000,0x00000000eae80000)
  to   space 512K, 0% used [0x00000000ead80000,0x00000000ead80000,0x00000000eae00000)
 ParOldGen       total 340480K, used 340040K [0x00000000c0000000, 0x00000000d4c80000, 0x00000000eab00000)
  object space 340480K, 99% used [0x00000000c0000000,0x00000000d4c12128,0x00000000d4c80000)
 Metaspace       used 70934K, committed 72640K, reserved 1114112K
  class space    used 7260K, committed 8000K, reserved 1048576K

Card table byte_map: [0x00000228c1450000,0x00000228c1660000] _byte_map_base: 0x00000228c0e50000

Marking Bits: (ParMarkBitMap*) 0x00007ffb08683260
 Begin Bits: [0x00000228d3c80000, 0x00000228d4c80000)
 End Bits:   [0x00000228d4c80000, 0x00000228d5c80000)

Polling page: 0x00000228c1120000

Metaspace:

Usage:
  Non-class:     62.18 MB used.
      Class:      7.09 MB used.
       Both:     69.27 MB used.

Virtual space:
  Non-class space:       64.00 MB reserved,      63.12 MB ( 99%) committed,  1 nodes.
      Class space:        1.00 GB reserved,       7.81 MB ( <1%) committed,  1 nodes.
             Both:        1.06 GB reserved,      70.94 MB (  7%) committed. 

Chunk freelists:
   Non-Class:  139.00 KB
       Class:  8.17 MB
        Both:  8.31 MB

MaxMetaspaceSize: unlimited
CompressedClassSpaceSize: 1.00 GB
Initial GC threshold: 21.00 MB
Current GC threshold: 110.25 MB
CDS: on
 - commit_granule_bytes: 65536.
 - commit_granule_words: 8192.
 - virtual_space_node_default_size: 8388608.
 - enlarge_chunks_in_place: 1.
 - use_allocation_guard: 0.


Internal statistics:

num_allocs_failed_limit: 9.
num_arena_births: 1440.
num_arena_deaths: 20.
num_vsnodes_births: 2.
num_vsnodes_deaths: 0.
num_space_committed: 1135.
num_space_uncommitted: 0.
num_chunks_returned_to_freelist: 30.
num_chunks_taken_from_freelist: 4969.
num_chunk_merges: 14.
num_chunk_splits: 2979.
num_chunks_enlarged: 1592.
num_inconsistent_stats: 0.

CodeHeap 'non-profiled nmethods': size=120000Kb used=12572Kb max_used=13108Kb free=107427Kb
 bounds [0x00000228cc750000, 0x00000228cd440000, 0x00000228d3c80000]
CodeHeap 'profiled nmethods': size=120000Kb used=30641Kb max_used=34240Kb free=89358Kb
 bounds [0x00000228c4c80000, 0x00000228c6e00000, 0x00000228cc1b0000]
CodeHeap 'non-nmethods': size=5760Kb used=1459Kb max_used=1593Kb free=4300Kb
 bounds [0x00000228cc1b0000, 0x00000228cc420000, 0x00000228cc750000]
 total_blobs=14039 nmethods=13258 adapters=685
 compilation: enabled
              stopped_count=0, restarted_count=0
 full_count=0

Compilation events (20 events):
Event: 13733.757 Thread 0x00000228d5e4ce10 nmethod 15485 0x00000228ccef0a90 code [0x00000228ccef0c80, 0x00000228ccef1320]
Event: 13733.786 Thread 0x00000228d5e4ce10 15486   !   4       com.google.gson.internal.bind.ReflectiveTypeAdapterFactory$2::write (140 bytes)
Event: 13734.456 Thread 0x00000229188b9340 15487       3       org.eclipse.lsp4j.jsonrpc.messages.Message::<init> (11 bytes)
Event: 13734.471 Thread 0x00000229188b9340 nmethod 15487 0x00000228c59fa510 code [0x00000228c59fa6c0, 0x00000228c59fa848]
Event: 13734.473 Thread 0x00000229188b9340 15488       3       org.eclipse.jdt.ls.core.internal.ParentProcessWatcher$$Lambda/0x00000228d74d2ab0::consume (13 bytes)
Event: 13734.507 Thread 0x00000229188b9340 nmethod 15488 0x00000228c57c8710 code [0x00000228c57c88c0, 0x00000228c57c8b58]
Event: 13734.507 Thread 0x00000229188b9340 15489       3       org.eclipse.jdt.ls.core.internal.ParentProcessWatcher::lambda$1 (15 bytes)
Event: 13734.509 Thread 0x00000229188b9340 nmethod 15489 0x00000228c55a9590 code [0x00000228c55a9740, 0x00000228c55a9970]
Event: 13734.546 Thread 0x00000229188b9340 15490       3       java.lang.StackWalker::hasOption (11 bytes)
Event: 13734.554 Thread 0x00000229188b9340 nmethod 15490 0x00000228c5f99e10 code [0x00000228c5f99fc0, 0x00000228c5f9a198]
Event: 13734.585 Thread 0x00000229188b9340 15491       3       java.lang.StackFrameInfo::declaringClass (13 bytes)
Event: 13734.598 Thread 0x00000229188b9340 nmethod 15491 0x00000228c583af90 code [0x00000228c583b140, 0x00000228c583b3d8]
Event: 13734.598 Thread 0x00000229188b9340 15492       3       java.lang.invoke.MethodHandleImpl$1::getDeclaringClass (10 bytes)
Event: 13734.599 Thread 0x00000229188b9340 nmethod 15492 0x00000228c5fb7290 code [0x00000228c5fb7440, 0x00000228c5fb7660]
Event: 13734.640 Thread 0x00000229188b9340 15493       3       java.time.temporal.ChronoField::isTimeBased (19 bytes)
Event: 13734.645 Thread 0x00000229188b9340 nmethod 15493 0x00000228c5ff5590 code [0x00000228c5ff5740, 0x00000228c5ff58d0]
Event: 13734.655 Thread 0x00000229188b9340 15494       3       java.util.Formatter$FormatSpecifier::localizedMagnitude (381 bytes)
Event: 13734.732 Thread 0x00000229188b9340 nmethod 15494 0x00000228c50e1f90 code [0x00000228c50e23c0, 0x00000228c50e4080]
Event: 13734.732 Thread 0x00000229188b9340 15495       3       java.util.Formatter::getZero (17 bytes)
Event: 13734.733 Thread 0x00000229188b9340 nmethod 15495 0x00000228c583a910 code [0x00000228c583aae0, 0x00000228c583ae00]

GC Heap History (20 events):
Event: 840.820 GC heap before
{Heap before GC invocations=4324 (full 4):
 PSYoungGen      total 2560K, used 2304K [0x00000000eab00000, 0x00000000eae80000, 0x0000000100000000)
  eden space 2048K, 100% used [0x00000000eab00000,0x00000000ead00000,0x00000000ead00000)
  from space 512K, 50% used [0x00000000eae00000,0x00000000eae40000,0x00000000eae80000)
  to   space 512K, 0% used [0x00000000ead80000,0x00000000ead80000,0x00000000eae00000)
 ParOldGen       total 339456K, used 339296K [0x00000000c0000000, 0x00000000d4b80000, 0x00000000eab00000)
  object space 339456K, 99% used [0x00000000c0000000,0x00000000d4b580e8,0x00000000d4b80000)
 Metaspace       used 69231K, committed 70912K, reserved 1114112K
  class space    used 6998K, committed 7744K, reserved 1048576K
}
Event: 840.823 GC heap after
{Heap after GC invocations=4324 (full 4):
 PSYoungGen      total 2560K, used 256K [0x00000000eab00000, 0x00000000eae80000, 0x0000000100000000)
  eden space 2048K, 0% used [0x00000000eab00000,0x00000000eab00000,0x00000000ead00000)
  from space 512K, 50% used [0x00000000ead80000,0x00000000eadc0000,0x00000000eae00000)
  to   space 512K, 0% used [0x00000000eae00000,0x00000000eae00000,0x00000000eae80000)
 ParOldGen       total 339456K, used 339336K [0x00000000c0000000, 0x00000000d4b80000, 0x00000000eab00000)
  object space 339456K, 99% used [0x00000000c0000000,0x00000000d4b620e8,0x00000000d4b80000)
 Metaspace       used 69231K, committed 70912K, reserved 1114112K
  class space    used 6998K, committed 7744K, reserved 1048576K
}
Event: 840.879 GC heap before
{Heap before GC invocations=4325 (full 4):
 PSYoungGen      total 2560K, used 2304K [0x00000000eab00000, 0x00000000eae80000, 0x0000000100000000)
  eden space 2048K, 100% used [0x00000000eab00000,0x00000000ead00000,0x00000000ead00000)
  from space 512K, 50% used [0x00000000ead80000,0x00000000eadc0000,0x00000000eae00000)
  to   space 512K, 0% used [0x00000000eae00000,0x00000000eae00000,0x00000000eae80000)
 ParOldGen       total 339456K, used 339336K [0x00000000c0000000, 0x00000000d4b80000, 0x00000000eab00000)
  object space 339456K, 99% used [0x00000000c0000000,0x00000000d4b620e8,0x00000000d4b80000)
 Metaspace       used 69538K, committed 71232K, reserved 1114112K
  class space    used 7032K, committed 7744K, reserved 1048576K
}
Event: 840.882 GC heap after
{Heap after GC invocations=4325 (full 4):
 PSYoungGen      total 2560K, used 240K [0x00000000eab00000, 0x00000000eae80000, 0x0000000100000000)
  eden space 2048K, 0% used [0x00000000eab00000,0x00000000eab00000,0x00000000ead00000)
  from space 512K, 46% used [0x00000000eae00000,0x00000000eae3c010,0x00000000eae80000)
  to   space 512K, 0% used [0x00000000ead80000,0x00000000ead80000,0x00000000eae00000)
 ParOldGen       total 339456K, used 339392K [0x00000000c0000000, 0x00000000d4b80000, 0x00000000eab00000)
  object space 339456K, 99% used [0x00000000c0000000,0x00000000d4b700e8,0x00000000d4b80000)
 Metaspace       used 69538K, committed 71232K, reserved 1114112K
  class space    used 7032K, committed 7744K, reserved 1048576K
}
Event: 840.930 GC heap before
{Heap before GC invocations=4326 (full 4):
 PSYoungGen      total 2560K, used 2288K [0x00000000eab00000, 0x00000000eae80000, 0x0000000100000000)
  eden space 2048K, 100% used [0x00000000eab00000,0x00000000ead00000,0x00000000ead00000)
  from space 512K, 46% used [0x00000000eae00000,0x00000000eae3c010,0x00000000eae80000)
  to   space 512K, 0% used [0x00000000ead80000,0x00000000ead80000,0x00000000eae00000)
 ParOldGen       total 339456K, used 339392K [0x00000000c0000000, 0x00000000d4b80000, 0x00000000eab00000)
  object space 339456K, 99% used [0x00000000c0000000,0x00000000d4b700e8,0x00000000d4b80000)
 Metaspace       used 69692K, committed 71360K, reserved 1114112K
  class space    used 7072K, committed 7808K, reserved 1048576K
}
Event: 840.934 GC heap after
{Heap after GC invocations=4326 (full 4):
 PSYoungGen      total 2560K, used 224K [0x00000000eab00000, 0x00000000eae80000, 0x0000000100000000)
  eden space 2048K, 0% used [0x00000000eab00000,0x00000000eab00000,0x00000000ead00000)
  from space 512K, 43% used [0x00000000ead80000,0x00000000eadb8000,0x00000000eae00000)
  to   space 512K, 0% used [0x00000000eae00000,0x00000000eae00000,0x00000000eae80000)
 ParOldGen       total 339968K, used 339496K [0x00000000c0000000, 0x00000000d4c00000, 0x00000000eab00000)
  object space 339968K, 99% used [0x00000000c0000000,0x00000000d4b8a118,0x00000000d4c00000)
 Metaspace       used 69692K, committed 71360K, reserved 1114112K
  class space    used 7072K, committed 7808K, reserved 1048576K
}
Event: 840.973 GC heap before
{Heap before GC invocations=4327 (full 4):
 PSYoungGen      total 2560K, used 2272K [0x00000000eab00000, 0x00000000eae80000, 0x0000000100000000)
  eden space 2048K, 100% used [0x00000000eab00000,0x00000000ead00000,0x00000000ead00000)
  from space 512K, 43% used [0x00000000ead80000,0x00000000eadb8000,0x00000000eae00000)
  to   space 512K, 0% used [0x00000000eae00000,0x00000000eae00000,0x00000000eae80000)
 ParOldGen       total 339968K, used 339496K [0x00000000c0000000, 0x00000000d4c00000, 0x00000000eab00000)
  object space 339968K, 99% used [0x00000000c0000000,0x00000000d4b8a118,0x00000000d4c00000)
 Metaspace       used 69826K, committed 71552K, reserved 1114112K
  class space    used 7111K, committed 7872K, reserved 1048576K
}
Event: 840.975 GC heap after
{Heap after GC invocations=4327 (full 4):
 PSYoungGen      total 2560K, used 256K [0x00000000eab00000, 0x00000000eae80000, 0x0000000100000000)
  eden space 2048K, 0% used [0x00000000eab00000,0x00000000eab00000,0x00000000ead00000)
  from space 512K, 50% used [0x00000000eae00000,0x00000000eae40000,0x00000000eae80000)
  to   space 512K, 0% used [0x00000000ead80000,0x00000000ead80000,0x00000000eae00000)
 ParOldGen       total 339968K, used 339560K [0x00000000c0000000, 0x00000000d4c00000, 0x00000000eab00000)
  object space 339968K, 99% used [0x00000000c0000000,0x00000000d4b9a118,0x00000000d4c00000)
 Metaspace       used 69826K, committed 71552K, reserved 1114112K
  class space    used 7111K, committed 7872K, reserved 1048576K
}
Event: 841.059 GC heap before
{Heap before GC invocations=4328 (full 4):
 PSYoungGen      total 2560K, used 2304K [0x00000000eab00000, 0x00000000eae80000, 0x0000000100000000)
  eden space 2048K, 100% used [0x00000000eab00000,0x00000000ead00000,0x00000000ead00000)
  from space 512K, 50% used [0x00000000eae00000,0x00000000eae40000,0x00000000eae80000)
  to   space 512K, 0% used [0x00000000ead80000,0x00000000ead80000,0x00000000eae00000)
 ParOldGen       total 339968K, used 339560K [0x00000000c0000000, 0x00000000d4c00000, 0x00000000eab00000)
  object space 339968K, 99% used [0x00000000c0000000,0x00000000d4b9a118,0x00000000d4c00000)
 Metaspace       used 70071K, committed 71744K, reserved 1114112K
  class space    used 7151K, committed 7872K, reserved 1048576K
}
Event: 841.063 GC heap after
{Heap after GC invocations=4328 (full 4):
 PSYoungGen      total 2560K, used 224K [0x00000000eab00000, 0x00000000eae80000, 0x0000000100000000)
  eden space 2048K, 0% used [0x00000000eab00000,0x00000000eab00000,0x00000000ead00000)
  from space 512K, 43% used [0x00000000ead80000,0x00000000eadb8000,0x00000000eae00000)
  to   space 512K, 0% used [0x00000000eae00000,0x00000000eae00000,0x00000000eae80000)
 ParOldGen       total 339968K, used 339592K [0x00000000c0000000, 0x00000000d4c00000, 0x00000000eab00000)
  object space 339968K, 99% used [0x00000000c0000000,0x00000000d4ba2118,0x00000000d4c00000)
 Metaspace       used 70071K, committed 71744K, reserved 1114112K
  class space    used 7151K, committed 7872K, reserved 1048576K
}
Event: 841.128 GC heap before
{Heap before GC invocations=4329 (full 4):
 PSYoungGen      total 2560K, used 2272K [0x00000000eab00000, 0x00000000eae80000, 0x0000000100000000)
  eden space 2048K, 100% used [0x00000000eab00000,0x00000000ead00000,0x00000000ead00000)
  from space 512K, 43% used [0x00000000ead80000,0x00000000eadb8000,0x00000000eae00000)
  to   space 512K, 0% used [0x00000000eae00000,0x00000000eae00000,0x00000000eae80000)
 ParOldGen       total 339968K, used 339592K [0x00000000c0000000, 0x00000000d4c00000, 0x00000000eab00000)
  object space 339968K, 99% used [0x00000000c0000000,0x00000000d4ba2118,0x00000000d4c00000)
 Metaspace       used 70261K, committed 72000K, reserved 1114112K
  class space    used 7188K, committed 7936K, reserved 1048576K
}
Event: 841.134 GC heap after
{Heap after GC invocations=4329 (full 4):
 PSYoungGen      total 2560K, used 256K [0x00000000eab00000, 0x00000000eae80000, 0x0000000100000000)
  eden space 2048K, 0% used [0x00000000eab00000,0x00000000eab00000,0x00000000ead00000)
  from space 512K, 50% used [0x00000000eae00000,0x00000000eae40000,0x00000000eae80000)
  to   space 512K, 0% used [0x00000000ead80000,0x00000000ead80000,0x00000000eae00000)
 ParOldGen       total 339968K, used 339656K [0x00000000c0000000, 0x00000000d4c00000, 0x00000000eab00000)
  object space 339968K, 99% used [0x00000000c0000000,0x00000000d4bb2118,0x00000000d4c00000)
 Metaspace       used 70261K, committed 72000K, reserved 1114112K
  class space    used 7188K, committed 7936K, reserved 1048576K
}
Event: 841.227 GC heap before
{Heap before GC invocations=4330 (full 4):
 PSYoungGen      total 2560K, used 2304K [0x00000000eab00000, 0x00000000eae80000, 0x0000000100000000)
  eden space 2048K, 100% used [0x00000000eab00000,0x00000000ead00000,0x00000000ead00000)
  from space 512K, 50% used [0x00000000eae00000,0x00000000eae40000,0x00000000eae80000)
  to   space 512K, 0% used [0x00000000ead80000,0x00000000ead80000,0x00000000eae00000)
 ParOldGen       total 339968K, used 339656K [0x00000000c0000000, 0x00000000d4c00000, 0x00000000eab00000)
  object space 339968K, 99% used [0x00000000c0000000,0x00000000d4bb2118,0x00000000d4c00000)
 Metaspace       used 70536K, committed 72192K, reserved 1114112K
  class space    used 7211K, committed 7936K, reserved 1048576K
}
Event: 841.230 GC heap after
{Heap after GC invocations=4330 (full 4):
 PSYoungGen      total 2560K, used 256K [0x00000000eab00000, 0x00000000eae80000, 0x0000000100000000)
  eden space 2048K, 0% used [0x00000000eab00000,0x00000000eab00000,0x00000000ead00000)
  from space 512K, 50% used [0x00000000ead80000,0x00000000eadc0000,0x00000000eae00000)
  to   space 512K, 0% used [0x00000000eae00000,0x00000000eae00000,0x00000000eae80000)
 ParOldGen       total 339968K, used 339728K [0x00000000c0000000, 0x00000000d4c00000, 0x00000000eab00000)
  object space 339968K, 99% used [0x00000000c0000000,0x00000000d4bc4118,0x00000000d4c00000)
 Metaspace       used 70536K, committed 72192K, reserved 1114112K
  class space    used 7211K, committed 7936K, reserved 1048576K
}
Event: 845.676 GC heap before
{Heap before GC invocations=4331 (full 4):
 PSYoungGen      total 2560K, used 2284K [0x00000000eab00000, 0x00000000eae80000, 0x0000000100000000)
  eden space 2048K, 99% used [0x00000000eab00000,0x00000000eacfb3d8,0x00000000ead00000)
  from space 512K, 50% used [0x00000000ead80000,0x00000000eadc0000,0x00000000eae00000)
  to   space 512K, 0% used [0x00000000eae00000,0x00000000eae00000,0x00000000eae80000)
 ParOldGen       total 339968K, used 339728K [0x00000000c0000000, 0x00000000d4c00000, 0x00000000eab00000)
  object space 339968K, 99% used [0x00000000c0000000,0x00000000d4bc4118,0x00000000d4c00000)
 Metaspace       used 70723K, committed 72448K, reserved 1114112K
  class space    used 7241K, committed 8000K, reserved 1048576K
}
Event: 845.684 GC heap after
{Heap after GC invocations=4331 (full 4):
 PSYoungGen      total 2560K, used 319K [0x00000000eab00000, 0x00000000eae80000, 0x0000000100000000)
  eden space 2048K, 0% used [0x00000000eab00000,0x00000000eab00000,0x00000000ead00000)
  from space 512K, 62% used [0x00000000eae00000,0x00000000eae4feb8,0x00000000eae80000)
  to   space 512K, 0% used [0x00000000ead80000,0x00000000ead80000,0x00000000eae00000)
 ParOldGen       total 339968K, used 339824K [0x00000000c0000000, 0x00000000d4c00000, 0x00000000eab00000)
  object space 339968K, 99% used [0x00000000c0000000,0x00000000d4bdc128,0x00000000d4c00000)
 Metaspace       used 70723K, committed 72448K, reserved 1114112K
  class space    used 7241K, committed 8000K, reserved 1048576K
}
Event: 2471.881 GC heap before
{Heap before GC invocations=4332 (full 4):
 PSYoungGen      total 2560K, used 2367K [0x00000000eab00000, 0x00000000eae80000, 0x0000000100000000)
  eden space 2048K, 100% used [0x00000000eab00000,0x00000000ead00000,0x00000000ead00000)
  from space 512K, 62% used [0x00000000eae00000,0x00000000eae4feb8,0x00000000eae80000)
  to   space 512K, 0% used [0x00000000ead80000,0x00000000ead80000,0x00000000eae00000)
 ParOldGen       total 339968K, used 339824K [0x00000000c0000000, 0x00000000d4c00000, 0x00000000eab00000)
  object space 339968K, 99% used [0x00000000c0000000,0x00000000d4bdc128,0x00000000d4c00000)
 Metaspace       used 70894K, committed 72576K, reserved 1114112K
  class space    used 7259K, committed 8000K, reserved 1048576K
}
Event: 2472.182 GC heap after
{Heap after GC invocations=4332 (full 4):
 PSYoungGen      total 2560K, used 256K [0x00000000eab00000, 0x00000000eae80000, 0x0000000100000000)
  eden space 2048K, 0% used [0x00000000eab00000,0x00000000eab00000,0x00000000ead00000)
  from space 512K, 50% used [0x00000000ead80000,0x00000000eadc0000,0x00000000eae00000)
  to   space 512K, 0% used [0x00000000eae00000,0x00000000eae00000,0x00000000eae80000)
 ParOldGen       total 339968K, used 339944K [0x00000000c0000000, 0x00000000d4c00000, 0x00000000eab00000)
  object space 339968K, 99% used [0x00000000c0000000,0x00000000d4bfa128,0x00000000d4c00000)
 Metaspace       used 70894K, committed 72576K, reserved 1114112K
  class space    used 7259K, committed 8000K, reserved 1048576K
}
Event: 9598.395 GC heap before
{Heap before GC invocations=4333 (full 4):
 PSYoungGen      total 2560K, used 2304K [0x00000000eab00000, 0x00000000eae80000, 0x0000000100000000)
  eden space 2048K, 100% used [0x00000000eab00000,0x00000000ead00000,0x00000000ead00000)
  from space 512K, 50% used [0x00000000ead80000,0x00000000eadc0000,0x00000000eae00000)
  to   space 512K, 0% used [0x00000000eae00000,0x00000000eae00000,0x00000000eae80000)
 ParOldGen       total 339968K, used 339944K [0x00000000c0000000, 0x00000000d4c00000, 0x00000000eab00000)
  object space 339968K, 99% used [0x00000000c0000000,0x00000000d4bfa128,0x00000000d4c00000)
 Metaspace       used 70894K, committed 72576K, reserved 1114112K
  class space    used 7259K, committed 8000K, reserved 1048576K
}
Event: 9598.402 GC heap after
{Heap after GC invocations=4333 (full 4):
 PSYoungGen      total 2560K, used 192K [0x00000000eab00000, 0x00000000eae80000, 0x0000000100000000)
  eden space 2048K, 0% used [0x00000000eab00000,0x00000000eab00000,0x00000000ead00000)
  from space 512K, 37% used [0x00000000eae00000,0x00000000eae30000,0x00000000eae80000)
  to   space 512K, 0% used [0x00000000ead80000,0x00000000ead80000,0x00000000eae00000)
 ParOldGen       total 340480K, used 340040K [0x00000000c0000000, 0x00000000d4c80000, 0x00000000eab00000)
  object space 340480K, 99% used [0x00000000c0000000,0x00000000d4c12128,0x00000000d4c80000)
 Metaspace       used 70894K, committed 72576K, reserved 1114112K
  class space    used 7259K, committed 8000K, reserved 1048576K
}

Dll operation events (11 events):
Event: 0.037 Loaded shared library c:\Users\fatim\.vscode\extensions\redhat.java-1.40.0-win32-x64\jre\21.0.6-win32-x86_64\bin\java.dll
Event: 0.525 Loaded shared library c:\Users\fatim\.vscode\extensions\redhat.java-1.40.0-win32-x64\jre\21.0.6-win32-x86_64\bin\zip.dll
Event: 0.718 Loaded shared library C:\Users\fatim\.vscode\extensions\redhat.java-1.40.0-win32-x64\jre\21.0.6-win32-x86_64\bin\instrument.dll
Event: 0.768 Loaded shared library C:\Users\fatim\.vscode\extensions\redhat.java-1.40.0-win32-x64\jre\21.0.6-win32-x86_64\bin\net.dll
Event: 0.775 Loaded shared library C:\Users\fatim\.vscode\extensions\redhat.java-1.40.0-win32-x64\jre\21.0.6-win32-x86_64\bin\nio.dll
Event: 0.788 Loaded shared library C:\Users\fatim\.vscode\extensions\redhat.java-1.40.0-win32-x64\jre\21.0.6-win32-x86_64\bin\zip.dll
Event: 0.974 Loaded shared library C:\Users\fatim\.vscode\extensions\redhat.java-1.40.0-win32-x64\jre\21.0.6-win32-x86_64\bin\jimage.dll
Event: 1.493 Loaded shared library c:\Users\fatim\.vscode\extensions\redhat.java-1.40.0-win32-x64\jre\21.0.6-win32-x86_64\bin\verify.dll
Event: 42.310 Loaded shared library C:\Users\fatim\AppData\Roaming\Code\User\globalStorage\redhat.java\1.40.0\config_win\org.eclipse.equinox.launcher\org.eclipse.equinox.launcher.win32.win32.x86_64_1.2.1200.v20250212-0927\eclipse_11909.dll
Event: 107.888 Loaded shared library C:\Users\fatim\AppData\Local\Temp\jna--1281652220\jna15523110417278581518.dll
Event: 840.492 Loaded shared library C:\Users\fatim\.vscode\extensions\redhat.java-1.40.0-win32-x64\jre\21.0.6-win32-x86_64\bin\extnet.dll

Deoptimization events (20 events):
Event: 9598.181 Thread 0x000002291dcd1880 Uncommon trap: trap_request=0xffffffd6 fr.pc=0x00000228ccad289c relative=0x00000000000003dc
Event: 9598.181 Thread 0x000002291dcd1880 Uncommon trap: reason=array_check action=maybe_recompile pc=0x00000228ccad289c method=java.util.concurrent.ScheduledThreadPoolExecutor$DelayedWorkQueue.offer(Ljava/lang/Runnable;)Z @ 65 c2
Event: 9598.181 Thread 0x000002291dcd1880 DEOPT PACKING pc=0x00000228ccad289c sp=0x0000006b3cfff170
Event: 9598.183 Thread 0x000002291dcd1880 DEOPT UNPACKING pc=0x00000228cc203aa2 sp=0x0000006b3cfff0f0 mode 2
Event: 13733.066 Thread 0x000002291dcd32c0 Uncommon trap: trap_request=0xffffff45 fr.pc=0x00000228ccda02b4 relative=0x0000000000000654
Event: 13733.072 Thread 0x000002291dcd32c0 Uncommon trap: reason=unstable_if action=reinterpret pc=0x00000228ccda02b4 method=java.util.concurrent.ScheduledThreadPoolExecutor$ScheduledFutureTask.run()V @ 24 c2
Event: 13733.076 Thread 0x000002291dcd32c0 DEOPT PACKING pc=0x00000228ccda02b4 sp=0x0000006b3d3fef80
Event: 13733.084 Thread 0x000002291dcd32c0 DEOPT UNPACKING pc=0x00000228cc203aa2 sp=0x0000006b3d3fef60 mode 2
Event: 13733.867 Thread 0x000002291dcd32c0 Uncommon trap: trap_request=0xffffff45 fr.pc=0x00000228ccdd67e4 relative=0x0000000000001324
Event: 13733.869 Thread 0x000002291dcd32c0 Uncommon trap: reason=unstable_if action=reinterpret pc=0x00000228ccdd67e4 method=java.util.concurrent.ScheduledThreadPoolExecutor$DelayedWorkQueue.take()Ljava/util/concurrent/RunnableScheduledFuture; @ 17 c2
Event: 13733.869 Thread 0x000002291dcd32c0 DEOPT PACKING pc=0x00000228ccdd67e4 sp=0x0000006b3d3fef00
Event: 13733.874 Thread 0x000002291dcd32c0 DEOPT UNPACKING pc=0x00000228cc203aa2 sp=0x0000006b3d3fee60 mode 2
Event: 13734.694 Thread 0x000002291dcd1f10 Uncommon trap: trap_request=0xffffff45 fr.pc=0x00000228ccca8ba4 relative=0x0000000000000384
Event: 13734.695 Thread 0x000002291dcd1f10 Uncommon trap: reason=unstable_if action=reinterpret pc=0x00000228ccca8ba4 method=java.util.concurrent.ThreadPoolExecutor.getTask()Ljava/lang/Runnable; @ 62 c2
Event: 13734.695 Thread 0x000002291dcd1f10 DEOPT PACKING pc=0x00000228ccca8ba4 sp=0x0000006b3ceff600
Event: 13734.695 Thread 0x000002291dcd1f10 DEOPT UNPACKING pc=0x00000228cc203aa2 sp=0x0000006b3ceff5a0 mode 2
Event: 13734.918 Thread 0x000002291dcd1880 Uncommon trap: trap_request=0xffffff45 fr.pc=0x00000228ccdd8cf4 relative=0x0000000000000214
Event: 13734.918 Thread 0x000002291dcd1880 Uncommon trap: reason=unstable_if action=reinterpret pc=0x00000228ccdd8cf4 method=io.reactivex.internal.schedulers.SchedulerPoolFactory$ScheduledTask.run()V @ 42 c2
Event: 13734.919 Thread 0x000002291dcd1880 DEOPT PACKING pc=0x00000228ccdd8cf4 sp=0x0000006b3cfff240
Event: 13734.919 Thread 0x000002291dcd1880 DEOPT UNPACKING pc=0x00000228cc203aa2 sp=0x0000006b3cfff1f8 mode 2

Classes loaded (20 events):
Event: 841.386 Loading class java/util/concurrent/CompletableFuture$UniWhenComplete
Event: 841.387 Loading class java/util/concurrent/CompletableFuture$UniWhenComplete done
Event: 841.390 Loading class java/util/concurrent/CompletableFuture$UniCompose
Event: 841.392 Loading class java/util/concurrent/CompletableFuture$UniCompose done
Event: 841.392 Loading class java/util/concurrent/CompletableFuture$UniRelay
Event: 841.392 Loading class java/util/concurrent/CompletableFuture$UniRelay done
Event: 841.889 Loading class java/util/concurrent/ScheduledThreadPoolExecutor$DelayedWorkQueue$Itr
Event: 841.890 Loading class java/util/concurrent/ScheduledThreadPoolExecutor$DelayedWorkQueue$Itr done
Event: 845.786 Loading class java/util/stream/IntPipeline$1
Event: 845.788 Loading class java/util/stream/IntPipeline$1 done
Event: 845.790 Loading class java/util/stream/IntPipeline$1$1
Event: 845.792 Loading class java/util/stream/Sink$ChainedInt
Event: 845.794 Loading class java/util/stream/Sink$ChainedInt done
Event: 845.794 Loading class java/util/stream/IntPipeline$1$1 done
Event: 849.431 Loading class java/lang/ProcessHandleImpl$ExitCompletion
Event: 849.431 Loading class java/lang/ProcessHandleImpl$ExitCompletion done
Event: 849.431 Loading class java/lang/ProcessHandleImpl$1
Event: 849.432 Loading class java/lang/ProcessHandleImpl$1 done
Event: 849.436 Loading class java/util/concurrent/CompletableFuture$UniHandle
Event: 849.437 Loading class java/util/concurrent/CompletableFuture$UniHandle done

Classes unloaded (10 events):
Event: 110.759 Thread 0x00000228c1b332c0 Unloading class 0x00000228d71a1400 'java/lang/invoke/LambdaForm$MH+0x00000228d71a1400'
Event: 110.759 Thread 0x00000228c1b332c0 Unloading class 0x00000228d71a1000 'java/lang/invoke/LambdaForm$MH+0x00000228d71a1000'
Event: 110.759 Thread 0x00000228c1b332c0 Unloading class 0x00000228d71a0c00 'java/lang/invoke/LambdaForm$MH+0x00000228d71a0c00'
Event: 110.759 Thread 0x00000228c1b332c0 Unloading class 0x00000228d71a0800 'java/lang/invoke/LambdaForm$MH+0x00000228d71a0800'
Event: 110.759 Thread 0x00000228c1b332c0 Unloading class 0x00000228d71a0400 'java/lang/invoke/LambdaForm$BMH+0x00000228d71a0400'
Event: 110.759 Thread 0x00000228c1b332c0 Unloading class 0x00000228d71a0000 'java/lang/invoke/LambdaForm$DMH+0x00000228d71a0000'
Event: 110.759 Thread 0x00000228c1b332c0 Unloading class 0x00000228d719ec00 'java/lang/invoke/LambdaForm$DMH+0x00000228d719ec00'
Event: 371.947 Thread 0x00000228c1b332c0 Unloading class 0x00000228d769d000 'java/lang/invoke/LambdaForm$DMH+0x00000228d769d000'
Event: 371.947 Thread 0x00000228c1b332c0 Unloading class 0x00000228d769cc00 'java/lang/invoke/LambdaForm$DMH+0x00000228d769cc00'
Event: 371.947 Thread 0x00000228c1b332c0 Unloading class 0x00000228d769c800 'java/lang/invoke/LambdaForm$DMH+0x00000228d769c800'

Classes redefined (0 events):
No events

Internal exceptions (20 events):
Event: 469.066 Thread 0x000002291ddeb880 Exception <a 'sun/nio/fs/WindowsException'{0x00000000eac763b0}> (0x00000000eac763b0) 
thrown [s\src\hotspot\share\prims\jni.cpp, line 520]
Event: 469.066 Thread 0x000002291ddeb880 Exception <a 'sun/nio/fs/WindowsException'{0x00000000eac76c60}> (0x00000000eac76c60) 
thrown [s\src\hotspot\share\prims\jni.cpp, line 520]
Event: 838.075 Thread 0x0000022920ad99f0 Exception <a 'sun/nio/fs/WindowsException'{0x00000000eacdd9a8}> (0x00000000eacdd9a8) 
thrown [s\src\hotspot\share\prims\jni.cpp, line 520]
Event: 838.077 Thread 0x0000022920ad99f0 Exception <a 'sun/nio/fs/WindowsException'{0x00000000eacde2a8}> (0x00000000eacde2a8) 
thrown [s\src\hotspot\share\prims\jni.cpp, line 520]
Event: 838.078 Thread 0x0000022920ad99f0 Exception <a 'sun/nio/fs/WindowsException'{0x00000000eacdf250}> (0x00000000eacdf250) 
thrown [s\src\hotspot\share\prims\jni.cpp, line 520]
Event: 838.078 Thread 0x0000022920ad99f0 Exception <a 'sun/nio/fs/WindowsException'{0x00000000eacdfb30}> (0x00000000eacdfb30) 
thrown [s\src\hotspot\share\prims\jni.cpp, line 520]
Event: 838.088 Thread 0x0000022920ad99f0 Exception <a 'sun/nio/fs/WindowsException'{0x00000000eace17c8}> (0x00000000eace17c8) 
thrown [s\src\hotspot\share\prims\jni.cpp, line 520]
Event: 838.088 Thread 0x0000022920ad99f0 Exception <a 'sun/nio/fs/WindowsException'{0x00000000eace1df8}> (0x00000000eace1df8) 
thrown [s\src\hotspot\share\prims\jni.cpp, line 520]
Event: 838.540 Thread 0x0000022920ad99f0 Exception <a 'sun/nio/fs/WindowsException'{0x00000000eab07ce0}> (0x00000000eab07ce0) 
thrown [s\src\hotspot\share\prims\jni.cpp, line 520]
Event: 838.541 Thread 0x0000022920ad99f0 Exception <a 'sun/nio/fs/WindowsException'{0x00000000eab08808}> (0x00000000eab08808) 
thrown [s\src\hotspot\share\prims\jni.cpp, line 520]
Event: 840.622 Thread 0x000002291dcd1f10 Exception <a 'java/io/FileNotFoundException'{0x00000000eac1dae0}> (0x00000000eac1dae0) 
thrown [s\src\hotspot\share\prims\jni.cpp, line 520]
Event: 841.059 Thread 0x000002291dcd1f10 Exception <a 'java/lang/NoSuchMethodError'{0x00000000eacff440}: 'java.lang.Object java.lang.invoke.DirectMethodHandle$Holder.invokeVirtual(java.lang.Object, java.lang.Object, java.lang.Object, java.lang.Object)'> (0x00000000eacff440) 
thrown [s\src\hotspot\share\interpreter\linkResolver.cpp, line 773]
Event: 841.233 Thread 0x000002291dcd32c0 Exception <a 'java/lang/NoSuchMethodError'{0x00000000eab06308}: 'java.lang.Object java.lang.invoke.DirectMethodHandle$Holder.invokeStatic(java.lang.Object, long, java.lang.Object, java.lang.Object)'> (0x00000000eab06308) 
thrown [s\src\hotspot\share\interpreter\linkResolver.cpp, line 773]
Event: 841.321 Thread 0x000002291dcd32c0 Exception <a 'sun/nio/fs/WindowsException'{0x00000000eac00188}> (0x00000000eac00188) 
thrown [s\src\hotspot\share\prims\jni.cpp, line 520]
Event: 841.322 Thread 0x000002291dcd32c0 Exception <a 'sun/nio/fs/WindowsException'{0x00000000eac01210}> (0x00000000eac01210) 
thrown [s\src\hotspot\share\prims\jni.cpp, line 520]
Event: 841.384 Thread 0x000002291dcd32c0 Exception <a 'java/lang/NoSuchMethodError'{0x00000000eac88f28}: 'void java.lang.invoke.DirectMethodHandle$Holder.invokeStatic(java.lang.Object, java.lang.Object, java.lang.Object, java.lang.Object, java.lang.Object, java.lang.Object, java.lang.Object)'> (0x00000000eac88f28) 
thrown [s\src\hotspot\share\interpreter\linkResolver.cpp, line 773]
Event: 845.648 Thread 0x000002291dcd3fe0 Exception <a 'java/lang/NoSuchMethodError'{0x00000000eacc3320}: 'long java.lang.invoke.DelegatingMethodHandle$Holder.reinvoke_L(java.lang.Object, java.lang.Object)'> (0x00000000eacc3320) 
thrown [s\src\hotspot\share\interpreter\linkResolver.cpp, line 773]
Event: 845.653 Thread 0x000002291dcd3fe0 Exception <a 'java/lang/NoSuchMethodError'{0x00000000eaccd4f8}: 'void java.lang.invoke.DelegatingMethodHandle$Holder.reinvoke_L(java.lang.Object, java.lang.Object, long)'> (0x00000000eaccd4f8) 
thrown [s\src\hotspot\share\interpreter\linkResolver.cpp, line 773]
Event: 849.447 Thread 0x000002291dcd3fe0 Exception <a 'java/lang/NoSuchMethodError'{0x00000000eabf1b20}: 'long java.lang.invoke.Invokers$Holder.invokeExact_MT(java.lang.Object, java.lang.Object, java.lang.Object)'> (0x00000000eabf1b20) 
thrown [s\src\hotspot\share\interpreter\linkResolver.cpp, line 773]
Event: 13733.867 Thread 0x000002291dcd32c0 Implicit null exception at 0x00000228ccdd5591 to 0x00000228ccdd67d4

ZGC Phase Switch (0 events):
No events

VM Operations (20 events):
Event: 13261.521 Executing VM operation: RendezvousGCThreads
Event: 13261.521 Executing VM operation: RendezvousGCThreads done
Event: 13381.602 Executing VM operation: HandshakeAllThreads (HandshakeForDeflation)
Event: 13381.603 Executing VM operation: HandshakeAllThreads (HandshakeForDeflation) done
Event: 13381.603 Executing VM operation: RendezvousGCThreads
Event: 13381.603 Executing VM operation: RendezvousGCThreads done
Event: 13441.778 Executing VM operation: HandshakeAllThreads (HandshakeForDeflation)
Event: 13441.779 Executing VM operation: HandshakeAllThreads (HandshakeForDeflation) done
Event: 13441.779 Executing VM operation: RendezvousGCThreads
Event: 13441.779 Executing VM operation: RendezvousGCThreads done
Event: 13501.850 Executing VM operation: HandshakeAllThreads (HandshakeForDeflation)
Event: 13501.850 Executing VM operation: HandshakeAllThreads (HandshakeForDeflation) done
Event: 13501.851 Executing VM operation: RendezvousGCThreads
Event: 13501.851 Executing VM operation: RendezvousGCThreads done
Event: 13561.882 Executing VM operation: HandshakeAllThreads (HandshakeForDeflation)
Event: 13561.883 Executing VM operation: HandshakeAllThreads (HandshakeForDeflation) done
Event: 13561.883 Executing VM operation: RendezvousGCThreads
Event: 13561.883 Executing VM operation: RendezvousGCThreads done
Event: 13734.318 Executing VM operation: Cleanup
Event: 13734.337 Executing VM operation: Cleanup done

Memory protections (0 events):
No events

Nmethod flushes (20 events):
Event: 372.175 Thread 0x00000228c1b332c0 flushing  nmethod 0x00000228c6091c90
Event: 372.175 Thread 0x00000228c1b332c0 flushing  nmethod 0x00000228c60b4810
Event: 372.175 Thread 0x00000228c1b332c0 flushing  nmethod 0x00000228c60b8b90
Event: 372.175 Thread 0x00000228c1b332c0 flushing  nmethod 0x00000228c60b9590
Event: 372.175 Thread 0x00000228c1b332c0 flushing  nmethod 0x00000228c60baf90
Event: 372.175 Thread 0x00000228c1b332c0 flushing  nmethod 0x00000228c60bc210
Event: 372.175 Thread 0x00000228c1b332c0 flushing  nmethod 0x00000228c60d4710
Event: 372.175 Thread 0x00000228c1b332c0 flushing  nmethod 0x00000228c6138990
Event: 372.175 Thread 0x00000228c1b332c0 flushing  nmethod 0x00000228c6138f90
Event: 372.175 Thread 0x00000228c1b332c0 flushing  nmethod 0x00000228c6142490
Event: 372.175 Thread 0x00000228c1b332c0 flushing  nmethod 0x00000228c616ab10
Event: 372.175 Thread 0x00000228c1b332c0 flushing  nmethod 0x00000228c6179190
Event: 372.175 Thread 0x00000228c1b332c0 flushing  nmethod 0x00000228c617be90
Event: 372.175 Thread 0x00000228c1b332c0 flushing  nmethod 0x00000228c618b690
Event: 372.175 Thread 0x00000228c1b332c0 flushing  nmethod 0x00000228c61a7210
Event: 372.175 Thread 0x00000228c1b332c0 flushing  nmethod 0x00000228c61b1f10
Event: 372.175 Thread 0x00000228c1b332c0 flushing  nmethod 0x00000228c61b4790
Event: 372.175 Thread 0x00000228c1b332c0 flushing  nmethod 0x00000228c61e3b90
Event: 372.175 Thread 0x00000228c1b332c0 flushing  nmethod 0x00000228c61fc610
Event: 372.175 Thread 0x00000228c1b332c0 flushing  nmethod 0x00000228c620fe90

Events (20 events):
Event: 829.213 Thread 0x0000022920ada080 Thread exited: 0x0000022920ada080
Event: 837.791 Thread 0x0000022920ad99f0 Thread added: 0x000002291dcd25a0
Event: 840.505 Thread 0x0000022920ad99f0 Thread added: 0x000002291dcd2c30
Event: 840.514 Thread 0x000002291dcd2c30 Thread added: 0x000002291dcd1f10
Event: 840.876 Thread 0x000002291dcd1f10 Thread added: 0x000002291dcd1880
Event: 840.892 Thread 0x000002291dcd1f10 Thread added: 0x000002291dcd04d0
Event: 841.213 Thread 0x000002291dcd1f10 Thread added: 0x000002291dcd32c0
Event: 841.323 Thread 0x00000229188b9340 Thread added: 0x000002291d336220
Event: 841.323 Thread 0x00000229188b9340 Thread added: 0x000002291d335480
Event: 841.377 Thread 0x000002291dcd32c0 Thread added: 0x000002291dcd0b60
Event: 845.621 Thread 0x000002291dcd1f10 Thread added: 0x000002291dcd3fe0
Event: 845.626 Thread 0x000002291d336220 Thread exited: 0x000002291d336220
Event: 845.627 Thread 0x000002291d335480 Thread exited: 0x000002291d335480
Event: 845.631 Thread 0x000002291dcd0b60 Thread exited: 0x000002291dcd0b60
Event: 849.433 Thread 0x000002291dcd3fe0 Thread added: 0x000002291dcd3950
Event: 849.465 Thread 0x000002291dcd3fe0 Thread exited: 0x000002291dcd3fe0
Event: 900.540 Thread 0x0000022920ad99f0 Thread exited: 0x0000022920ad99f0
Event: 960.552 Thread 0x000002291dcd25a0 Thread exited: 0x000002291dcd25a0
Event: 13734.347 Thread 0x000002291dcd32c0 Thread exited: 0x000002291dcd32c0
Event: 13734.652 Thread 0x000002291e5b7810 Thread added: 0x000002291dcd32c0


Dynamic libraries:
0x00007ff76e320000 - 0x00007ff76e32e000 	c:\Users\fatim\.vscode\extensions\redhat.java-1.40.0-win32-x64\jre\21.0.6-win32-x86_64\bin\java.exe
0x00007ffb78ee0000 - 0x00007ffb79143000 	C:\WINDOWS\SYSTEM32\ntdll.dll
0x00007ffb782d0000 - 0x00007ffb78397000 	C:\WINDOWS\System32\KERNEL32.DLL
0x00007ffb765b0000 - 0x00007ffb76977000 	C:\WINDOWS\System32\KERNELBASE.dll
0x00007ffb76280000 - 0x00007ffb763cc000 	C:\WINDOWS\System32\ucrtbase.dll
0x00007ffb08810000 - 0x00007ffb08828000 	c:\Users\fatim\.vscode\extensions\redhat.java-1.40.0-win32-x64\jre\21.0.6-win32-x86_64\bin\jli.dll
0x00007ffb76e20000 - 0x00007ffb76fe9000 	C:\WINDOWS\System32\USER32.dll
0x00007ffb087f0000 - 0x00007ffb0880e000 	c:\Users\fatim\.vscode\extensions\redhat.java-1.40.0-win32-x64\jre\21.0.6-win32-x86_64\bin\VCRUNTIME140.dll
0x00007ffb76a20000 - 0x00007ffb76a47000 	C:\WINDOWS\System32\win32u.dll
0x00007ffb77980000 - 0x00007ffb779aa000 	C:\WINDOWS\System32\GDI32.dll
0x00007ffb5b2d0000 - 0x00007ffb5b560000 	C:\WINDOWS\WinSxS\amd64_microsoft.windows.common-controls_6595b64144ccf1df_6.0.26100.3037_none_3e09262ce333c378\COMCTL32.dll
0x00007ffb763d0000 - 0x00007ffb764fb000 	C:\WINDOWS\System32\gdi32full.dll
0x00007ffb78df0000 - 0x00007ffb78e99000 	C:\WINDOWS\System32\msvcrt.dll
0x00007ffb76500000 - 0x00007ffb765a3000 	C:\WINDOWS\System32\msvcp_win.dll
0x00007ffb773a0000 - 0x00007ffb773cf000 	C:\WINDOWS\System32\IMM32.DLL
0x00007ffb49080000 - 0x00007ffb4908c000 	c:\Users\fatim\.vscode\extensions\redhat.java-1.40.0-win32-x64\jre\21.0.6-win32-x86_64\bin\vcruntime140_1.dll
0x00007ffb08760000 - 0x00007ffb087ed000 	c:\Users\fatim\.vscode\extensions\redhat.java-1.40.0-win32-x64\jre\21.0.6-win32-x86_64\bin\msvcp140.dll
0x00007ffb079d0000 - 0x00007ffb08760000 	c:\Users\fatim\.vscode\extensions\redhat.java-1.40.0-win32-x64\jre\21.0.6-win32-x86_64\bin\server\jvm.dll
0x00007ffb77200000 - 0x00007ffb772b4000 	C:\WINDOWS\System32\ADVAPI32.dll
0x00007ffb773e0000 - 0x00007ffb77486000 	C:\WINDOWS\System32\sechost.dll
0x00007ffb78b00000 - 0x00007ffb78c16000 	C:\WINDOWS\System32\RPCRT4.dll
0x00007ffb77490000 - 0x00007ffb77504000 	C:\WINDOWS\System32\WS2_32.dll
0x00007ffb74ee0000 - 0x00007ffb74f2e000 	C:\WINDOWS\SYSTEM32\POWRPROF.dll
0x00007ffb66810000 - 0x00007ffb66846000 	C:\WINDOWS\SYSTEM32\WINMM.dll
0x00007ffb72f80000 - 0x00007ffb72f8b000 	C:\WINDOWS\SYSTEM32\VERSION.dll
0x00007ffb74ec0000 - 0x00007ffb74ed4000 	C:\WINDOWS\SYSTEM32\UMPDC.dll
0x00007ffb75180000 - 0x00007ffb7519a000 	C:\WINDOWS\SYSTEM32\kernel.appcore.dll
0x00007ffb48ce0000 - 0x00007ffb48cea000 	c:\Users\fatim\.vscode\extensions\redhat.java-1.40.0-win32-x64\jre\21.0.6-win32-x86_64\bin\jimage.dll
0x00007ffb73ac0000 - 0x00007ffb73d01000 	C:\WINDOWS\SYSTEM32\DBGHELP.DLL
0x00007ffb779c0000 - 0x00007ffb77d3e000 	C:\WINDOWS\System32\combase.dll
0x00007ffb772c0000 - 0x00007ffb77396000 	C:\WINDOWS\System32\OLEAUT32.dll
0x00007ffb5fec0000 - 0x00007ffb5fef9000 	C:\WINDOWS\SYSTEM32\dbgcore.DLL
0x00007ffb76980000 - 0x00007ffb76a19000 	C:\WINDOWS\System32\bcryptPrimitives.dll
0x00007ffb488a0000 - 0x00007ffb488af000 	c:\Users\fatim\.vscode\extensions\redhat.java-1.40.0-win32-x64\jre\21.0.6-win32-x86_64\bin\instrument.dll
0x00007ffb079b0000 - 0x00007ffb079cf000 	c:\Users\fatim\.vscode\extensions\redhat.java-1.40.0-win32-x64\jre\21.0.6-win32-x86_64\bin\java.dll
0x00007ffb783f0000 - 0x00007ffb78af4000 	C:\WINDOWS\System32\SHELL32.dll
0x00007ffb73f60000 - 0x00007ffb74797000 	C:\WINDOWS\SYSTEM32\windows.storage.dll
0x00007ffb77d50000 - 0x00007ffb77e39000 	C:\WINDOWS\System32\SHCORE.dll
0x00007ffb76dc0000 - 0x00007ffb76e1d000 	C:\WINDOWS\System32\shlwapi.dll
0x00007ffb76190000 - 0x00007ffb761be000 	C:\WINDOWS\SYSTEM32\profapi.dll
0x00007ffb07970000 - 0x00007ffb07988000 	c:\Users\fatim\.vscode\extensions\redhat.java-1.40.0-win32-x64\jre\21.0.6-win32-x86_64\bin\zip.dll
0x00007ffb47d00000 - 0x00007ffb47d10000 	C:\Users\fatim\.vscode\extensions\redhat.java-1.40.0-win32-x64\jre\21.0.6-win32-x86_64\bin\net.dll
0x00007ffb6e110000 - 0x00007ffb6e22e000 	C:\WINDOWS\SYSTEM32\WINHTTP.dll
0x00007ffb75670000 - 0x00007ffb756da000 	C:\WINDOWS\system32\mswsock.dll
0x00007ffb07950000 - 0x00007ffb07966000 	C:\Users\fatim\.vscode\extensions\redhat.java-1.40.0-win32-x64\jre\21.0.6-win32-x86_64\bin\nio.dll
0x00007ffb47b70000 - 0x00007ffb47b80000 	c:\Users\fatim\.vscode\extensions\redhat.java-1.40.0-win32-x64\jre\21.0.6-win32-x86_64\bin\verify.dll
0x00007ffad6ad0000 - 0x00007ffad6b15000 	C:\Users\fatim\AppData\Roaming\Code\User\globalStorage\redhat.java\1.40.0\config_win\org.eclipse.equinox.launcher\org.eclipse.equinox.launcher.win32.win32.x86_64_1.2.1200.v20250212-0927\eclipse_11909.dll
0x00007ffb77520000 - 0x00007ffb776b5000 	C:\WINDOWS\System32\ole32.dll
0x00007ffb75a20000 - 0x00007ffb75a3c000 	C:\WINDOWS\SYSTEM32\CRYPTSP.dll
0x00007ffb750e0000 - 0x00007ffb75118000 	C:\WINDOWS\system32\rsaenh.dll
0x00007ffb75710000 - 0x00007ffb7573b000 	C:\WINDOWS\SYSTEM32\USERENV.dll
0x00007ffb75bb0000 - 0x00007ffb75bd6000 	C:\WINDOWS\SYSTEM32\bcrypt.dll
0x00007ffb758a0000 - 0x00007ffb758ac000 	C:\WINDOWS\SYSTEM32\CRYPTBASE.dll
0x00007ffb74a90000 - 0x00007ffb74ac2000 	C:\WINDOWS\SYSTEM32\IPHLPAPI.DLL
0x00007ffb78c20000 - 0x00007ffb78c2a000 	C:\WINDOWS\System32\NSI.dll
0x00007ffad4c00000 - 0x00007ffad4c49000 	C:\Users\fatim\AppData\Local\Temp\jna--1281652220\jna15523110417278581518.dll
0x00007ffb77510000 - 0x00007ffb77518000 	C:\WINDOWS\System32\PSAPI.DLL
0x00007ffb6de60000 - 0x00007ffb6de7f000 	C:\WINDOWS\SYSTEM32\dhcpcsvc6.DLL
0x00007ffb6de30000 - 0x00007ffb6de55000 	C:\WINDOWS\SYSTEM32\dhcpcsvc.DLL
0x00007ffb752a0000 - 0x00007ffb752d5000 	C:\WINDOWS\SYSTEM32\ntmarta.dll
0x00007ffb55350000 - 0x00007ffb55359000 	C:\Users\fatim\.vscode\extensions\redhat.java-1.40.0-win32-x64\jre\21.0.6-win32-x86_64\bin\extnet.dll

dbghelp: loaded successfully - version: 4.0.5 - missing functions: none
symbol engine: initialized successfully - sym options: 0x614 - pdb path: .;c:\Users\fatim\.vscode\extensions\redhat.java-1.40.0-win32-x64\jre\21.0.6-win32-x86_64\bin;C:\WINDOWS\SYSTEM32;C:\WINDOWS\WinSxS\amd64_microsoft.windows.common-controls_6595b64144ccf1df_6.0.26100.3037_none_3e09262ce333c378;c:\Users\fatim\.vscode\extensions\redhat.java-1.40.0-win32-x64\jre\21.0.6-win32-x86_64\bin\server;C:\Users\fatim\AppData\Roaming\Code\User\globalStorage\redhat.java\1.40.0\config_win\org.eclipse.equinox.launcher\org.eclipse.equinox.launcher.win32.win32.x86_64_1.2.1200.v20250212-0927;C:\Users\fatim\AppData\Local\Temp\jna--1281652220

VM Arguments:
jvm_args: --add-modules=ALL-SYSTEM --add-opens=java.base/java.util=ALL-UNNAMED --add-opens=java.base/java.lang=ALL-UNNAMED --add-opens=java.base/sun.nio.fs=ALL-UNNAMED -Declipse.application=org.eclipse.jdt.ls.core.id1 -Dosgi.bundles.defaultStartLevel=4 -Declipse.product=org.eclipse.jdt.ls.core.product -Djava.import.generatesMetadataFilesAtProjectRoot=false -DDetectVMInstallationsJob.disabled=true -Dfile.encoding=utf8 -XX:+UseParallelGC -XX:GCTimeRatio=4 -XX:AdaptiveSizePolicyWeight=90 -Dsun.zip.disableMemoryMapping=true -Xmx1G -Xms100m -Xlog:disable -javaagent:c:\Users\fatim\.vscode\extensions\redhat.java-1.40.0-win32-x64\lombok\lombok-1.18.36.jar -XX:+HeapDumpOnOutOfMemoryError -XX:HeapDumpPath=c:\Users\fatim\AppData\Roaming\Code\User\workspaceStorage\fea0dc0e6c48a7c3900dd058ab10fd51\redhat.java -Daether.dependencyCollector.impl=bf 
java_command: c:\Users\fatim\.vscode\extensions\redhat.java-1.40.0-win32-x64\server\plugins\org.eclipse.equinox.launcher_1.6.1000.v20250131-0606.jar -configuration c:\Users\fatim\AppData\Roaming\Code\User\globalStorage\redhat.java\1.40.0\config_win -data c:\Users\fatim\AppData\Roaming\Code\User\workspaceStorage\fea0dc0e6c48a7c3900dd058ab10fd51\redhat.java\jdt_ws --pipe=\\.\pipe\lsp-e73afe5753bb10cf4ca75e33cd79ad7b-sock
java_class_path (initial): c:\Users\fatim\.vscode\extensions\redhat.java-1.40.0-win32-x64\server\plugins\org.eclipse.equinox.launcher_1.6.1000.v20250131-0606.jar
Launcher Type: SUN_STANDARD

[Global flags]
    uintx AdaptiveSizePolicyWeight                 = 90                                        {product} {command line}
     intx CICompilerCount                          = 4                                         {product} {ergonomic}
    uintx GCTimeRatio                              = 4                                         {product} {command line}
     bool HeapDumpOnOutOfMemoryError               = true                                   {manageable} {command line}
    ccstr HeapDumpPath                             = c:\Users\fatim\AppData\Roaming\Code\User\workspaceStorage\fea0dc0e6c48a7c3900dd058ab10fd51\redhat.java         {manageable} {command line}
   size_t InitialHeapSize                          = 104857600                                 {product} {command line}
   size_t MaxHeapSize                              = 1073741824                                {product} {command line}
   size_t MaxNewSize                               = 357564416                                 {product} {ergonomic}
   size_t MinHeapDeltaBytes                        = 524288                                    {product} {ergonomic}
   size_t MinHeapSize                              = 104857600                                 {product} {command line}
   size_t NewSize                                  = 34603008                                  {product} {ergonomic}
    uintx NonNMethodCodeHeapSize                   = 5839372                                {pd product} {ergonomic}
    uintx NonProfiledCodeHeapSize                  = 122909434                              {pd product} {ergonomic}
   size_t OldSize                                  = 70254592                                  {product} {ergonomic}
    uintx ProfiledCodeHeapSize                     = 122909434                              {pd product} {ergonomic}
    uintx ReservedCodeCacheSize                    = 251658240                              {pd product} {ergonomic}
     bool SegmentedCodeCache                       = true                                      {product} {ergonomic}
   size_t SoftMaxHeapSize                          = 1073741824                             {manageable} {ergonomic}
     bool UseCompressedOops                        = true                           {product lp64_product} {ergonomic}
     bool UseLargePagesIndividualAllocation        = false                                  {pd product} {ergonomic}
     bool UseParallelGC                            = true                                      {product} {command line}

Logging:
Log output configuration:
 #0: stdout all=off uptime,level,tags foldmultilines=false
 #1: stderr all=off uptime,level,tags foldmultilines=false

Environment Variables:
JAVA_HOME=C:\Program Files\Java\jdk-17
PATH=C:\Program Files\Java\bin;C:\Program Files\Common Files\Oracle\Java\javapath;C:\WINDOWS\system32;C:\WINDOWS;C:\WINDOWS\System32\Wbem;C:\WINDOWS\System32\WindowsPowerShell\v1.0\;C:\WINDOWS\System32\OpenSSH\;C:\DevTools\apache-maven-3.9.4-bin\apache-maven-3.9.4\bin;C:\Program Files\Java\jdk-17\bin;C:\Program Files\Git\cmd;C:\Program Files\Java\jdk-21\bin;C:\Program Files\nodejs\;C:\Program Files\nodejs;C:\Program Files\Docker\Docker\resources\bin;C:\Program Files\Microsoft SQL Server\Client SDK\ODBC\170\Tools\Binn\;C:\Program Files\Microsoft SQL Server\150\Tools\Binn\;C:\Program Files\dotnet\;C:\Program Files (x86)\Microsoft SQL Server\160\Tools\Binn\;C:\Program Files\Microsoft SQL Server\160\Tools\Binn\;C:\Program Files\Microsoft SQL Server\160\DTS\Binn\;C:\Program Files (x86)\Microsoft SQL Server\160\DTS\Binn\;C:\Users\fatim\Desktop\xampp2\php;C:\ProgramData\ComposerSetup\bin;C:\Program Files\CMake\New Folder\bin;C:\Program Files\Java\jdk-17\bin;C:\Program Files\Java\jdk-17\bin;C:\Users\fatim\AppData\Local\Pub\Cache\bin;C:\flutter\bin;C:\Users\fatim\AppData\Local\Programs\Python\Python38\Scripts\;C:\Users\fatim\AppData\Local\Programs\Python\Python38\;C:\Users\fatim\AppData\Local\Programs\Python\Launcher\;C:\Users\fatim\AppData\Local\Microsoft\WindowsApps;C:\Users\fatim\AppData\Local\Programs\Microsoft VS Code\bin;C:\Users\fatim\AppData\Roaming\npm;C:\Program Files\nodejs;C:\Users\fatim\.dotnet\tools;C:\Users\fatim\AppData\Roaming\Composer\vendor\bin;C:\MinGW\bin;C:\gradle-8.12\bin;C:\Program Files\Java\jdk-21\bin;C:\Program Files\Java\jdk-17\bin;C:\Program Files\Java\bin;C:\Program Files\Java\jdk-17\bin;C:\Users\fatim\AppData\Local\Pub\Cache\bin;C:\flutter\bin;C:\msys64\clang64\bin;
USERNAME=fatima
OS=Windows_NT
PROCESSOR_IDENTIFIER=Intel64 Family 6 Model 142 Stepping 10, GenuineIntel
TMP=C:\Users\fatim\AppData\Local\Temp
TEMP=C:\Users\fatim\AppData\Local\Temp




Periodic native trim disabled

---------------  S Y S T E M  ---------------

OS:
 Windows 11 , 64 bit Build 26100 (10.0.26100.3037)
OS uptime: 0 days 3:52 hours
Hyper-V role detected

CPU: total 8 (initial active 8) (4 cores per cpu, 2 threads per core) family 6 model 142 stepping 10 microcode 0xe0, cx8, cmov, fxsr, ht, mmx, 3dnowpref, sse, sse2, sse3, ssse3, sse4.1, sse4.2, popcnt, lzcnt, tsc, tscinvbit, avx, avx2, aes, erms, clmul, bmi1, bmi2, adx, fma, vzeroupper, clflush, clflushopt, hv, rdtscp, f16c
Processor Information for the first 8 processors :
  Max Mhz: 2001, Current Mhz: 1500, Mhz Limit: 2001

Memory: 4k page, system-wide physical 8108M (558M free)
TotalPageFile size 17089M (AvailPageFile size 6M)
current process WorkingSet (physical memory assigned to process): 51M, peak: 855M
current process commit charge ("private bytes"): 626M, peak: 973M

vm_info: OpenJDK 64-Bit Server VM (21.0.6+7-LTS) for windows-amd64 JRE (21.0.6+7-LTS), built on 2025-01-21T00:00:00Z by "admin" with MS VC++ 17.7 (VS2022)

END.
