#
# There is insufficient memory for the Java Runtime Environment to continue.
# Native memory allocation (malloc) failed to allocate 1820336 bytes. Error detail: Chunk::new
# Possible reasons:
#   The system is out of physical RAM or swap space
#   This process is running with CompressedOops enabled, and the Java Heap may be blocking the growth of the native heap
# Possible solutions:
#   Reduce memory load on the system
#   Increase physical memory or swap space
#   Check if swap backing store is full
#   Decrease Java heap size (-Xmx/-Xms)
#   Decrease number of Java threads
#   Decrease Java thread stack sizes (-Xss)
#   Set larger code cache with -XX:ReservedCodeCacheSize=
#   JVM is running with Unscaled Compressed Oops mode in which the Java heap is
#     placed in the first 4GB address space. The Java Heap base address is the
#     maximum limit for the native heap growth. Please use -XX:HeapBaseMinAddress
#     to set the Java Heap base and to place the Java Heap above 4GB virtual address.
# This output file may be truncated or incomplete.
#
#  Out of Memory Error (arena.cpp:168), pid=17980, tid=9532
#
# JRE version: OpenJDK Runtime Environment Temurin-21.0.6+7 (21.0.6+7) (build 21.0.6+7-LTS)
# Java VM: OpenJDK 64-Bit Server VM Temurin-21.0.6+7 (21.0.6+7-LTS, mixed mode, sharing, tiered, compressed oops, compressed class ptrs, parallel gc, windows-amd64)
# No core dump will be written. Minidumps are not enabled by default on client versions of Windows
#

---------------  S U M M A R Y ------------

Command Line: --add-modules=ALL-SYSTEM --add-opens=java.base/java.util=ALL-UNNAMED --add-opens=java.base/java.lang=ALL-UNNAMED --add-opens=java.base/sun.nio.fs=ALL-UNNAMED -Declipse.application=org.eclipse.jdt.ls.core.id1 -Dosgi.bundles.defaultStartLevel=4 -Declipse.product=org.eclipse.jdt.ls.core.product -Djava.import.generatesMetadataFilesAtProjectRoot=false -DDetectVMInstallationsJob.disabled=true -Dfile.encoding=utf8 -XX:+UseParallelGC -XX:GCTimeRatio=4 -XX:AdaptiveSizePolicyWeight=90 -Dsun.zip.disableMemoryMapping=true -Xmx1G -Xms100m -Xlog:disable -javaagent:c:\Users\fatim\.vscode\extensions\redhat.java-1.40.0-win32-x64\lombok\lombok-1.18.36.jar -XX:+HeapDumpOnOutOfMemoryError -XX:HeapDumpPath=c:\Users\fatim\AppData\Roaming\Code\User\workspaceStorage\fea0dc0e6c48a7c3900dd058ab10fd51\redhat.java -Daether.dependencyCollector.impl=bf c:\Users\fatim\.vscode\extensions\redhat.java-1.40.0-win32-x64\server\plugins\org.eclipse.equinox.launcher_1.6.1000.v20250131-0606.jar -configuration c:\Users\fatim\AppData\Roaming\Code\User\globalStorage\redhat.java\1.40.0\config_win -data c:\Users\fatim\AppData\Roaming\Code\User\workspaceStorage\fea0dc0e6c48a7c3900dd058ab10fd51\redhat.java\jdt_ws --pipe=\\.\pipe\lsp-f067dc8d77cb5a03d67c4c02be08b3bb-sock

Host: Intel(R) Core(TM) i7-8550U CPU @ 1.80GHz, 8 cores, 7G,  Windows 11 , 64 bit Build 26100 (10.0.26100.3037)
Time: Sat Mar  8 14:01:46 2025 West Bank Gaza Standard Time elapsed time: 99.484778 seconds (0d 0h 1m 39s)

---------------  T H R E A D  ---------------

Current thread (0x0000013b0e0f50d0):  JavaThread "C2 CompilerThread2" daemon [_thread_in_native, id=9532, stack(0x000000070e100000,0x000000070e200000) (1024K)]


Current CompileTask:
C2:99485 9049       4       org.lombokweb.asm.ClassReader::readMethod (1070 bytes)

Stack: [0x000000070e100000,0x000000070e200000]
Native frames: (J=compiled Java code, j=interpreted, Vv=VM code, C=native code)
V  [jvm.dll+0x6cdee9]
V  [jvm.dll+0x8a83d1]
V  [jvm.dll+0x8aa8fe]
V  [jvm.dll+0x8aafe3]
V  [jvm.dll+0x27f706]
V  [jvm.dll+0xc500d]
V  [jvm.dll+0xc5543]
V  [jvm.dll+0x3b6752]
V  [jvm.dll+0x1e0009]
V  [jvm.dll+0x247b42]
V  [jvm.dll+0x246fcf]
V  [jvm.dll+0x1c75ee]
V  [jvm.dll+0x25685a]
V  [jvm.dll+0x254dfa]
V  [jvm.dll+0x3f0256]
V  [jvm.dll+0x851f8b]
V  [jvm.dll+0x6cc5ed]
C  [ucrtbase.dll+0x37b0]
C  [KERNEL32.DLL+0x2e8d7]
C  [ntdll.dll+0xbbf2c]


---------------  P R O C E S S  ---------------

Threads class SMR info:
_java_thread_list=0x0000013b0dec03c0, length=57, elements={
0x0000013ab004fce0, 0x0000013ac43ff790, 0x0000013ac44003e0, 0x0000013ac4406050,
0x0000013ac4407050, 0x0000013ac440d390, 0x0000013ac4413850, 0x0000013ac44184b0,
0x0000013ac441bd20, 0x0000013b0b0a02b0, 0x0000013b0b0a1660, 0x0000013b0b09fc20,
0x0000013b0b0a2a10, 0x0000013b0b0a0fd0, 0x0000013b0b0a2380, 0x0000013b0b0a1cf0,
0x0000013b0b0a0940, 0x0000013b0beb0fd0, 0x0000013b0beb2a10, 0x0000013b0beaf590,
0x0000013b0beb30a0, 0x0000013b0beb2380, 0x0000013b0beafc20, 0x0000013b0beb0940,
0x0000013b0beb3730, 0x0000013b0beb1cf0, 0x0000013b0beb02b0, 0x0000013b0beb5170,
0x0000013b0beb4450, 0x0000013b0beb5e90, 0x0000013b0beb4ae0, 0x0000013b0beb5800,
0x0000013b0beb6520, 0x0000013b0beb3dc0, 0x0000013b0fa9d8a0, 0x0000013b0fa9c4f0,
0x0000013b0fa9cb80, 0x0000013b0fa9b140, 0x0000013b0fa9be60, 0x0000013b0fa9d210,
0x0000013b0fa9ec50, 0x0000013b0fa9b7d0, 0x0000013b0faa0d20, 0x0000013b0faa0690,
0x0000013b0faa0000, 0x0000013b0faa13b0, 0x0000013b0fa9f2e0, 0x0000013b0faa20d0,
0x0000013b0faa1a40, 0x0000013b0faa2760, 0x0000013b0fa9f970, 0x0000013b0beaef00,
0x0000013b0e302ec0, 0x0000013b0e3021a0, 0x0000013b0e303550, 0x0000013b0e3830c0,
0x0000013b0e0f50d0
}

Java Threads: ( => current thread )
  0x0000013ab004fce0 JavaThread "main"                              [_thread_blocked, id=2904, stack(0x0000000709f00000,0x000000070a000000) (1024K)]
  0x0000013ac43ff790 JavaThread "Reference Handler"          daemon [_thread_blocked, id=1480, stack(0x000000070a300000,0x000000070a400000) (1024K)]
  0x0000013ac44003e0 JavaThread "Finalizer"                  daemon [_thread_blocked, id=7100, stack(0x000000070a400000,0x000000070a500000) (1024K)]
  0x0000013ac4406050 JavaThread "Signal Dispatcher"          daemon [_thread_blocked, id=10780, stack(0x000000070a500000,0x000000070a600000) (1024K)]
  0x0000013ac4407050 JavaThread "Attach Listener"            daemon [_thread_blocked, id=17824, stack(0x000000070a600000,0x000000070a700000) (1024K)]
  0x0000013ac440d390 JavaThread "Service Thread"             daemon [_thread_blocked, id=18364, stack(0x000000070a700000,0x000000070a800000) (1024K)]
  0x0000013ac4413850 JavaThread "Monitor Deflation Thread"   daemon [_thread_blocked, id=7772, stack(0x000000070a800000,0x000000070a900000) (1024K)]
  0x0000013ac44184b0 JavaThread "C2 CompilerThread0"         daemon [_thread_in_native, id=15620, stack(0x000000070a900000,0x000000070aa00000) (1024K)]
  0x0000013ac441bd20 JavaThread "C1 CompilerThread0"         daemon [_thread_blocked, id=17344, stack(0x000000070aa00000,0x000000070ab00000) (1024K)]
  0x0000013b0b0a02b0 JavaThread "Common-Cleaner"             daemon [_thread_blocked, id=16192, stack(0x000000070ab00000,0x000000070ac00000) (1024K)]
  0x0000013b0b0a1660 JavaThread "Notification Thread"        daemon [_thread_blocked, id=18204, stack(0x000000070ac00000,0x000000070ad00000) (1024K)]
  0x0000013b0b09fc20 JavaThread "Active Thread: Equinox Container: 7c658492-4d62-4a3d-9bb2-57f3f54d59df"        [_thread_blocked, id=1784, stack(0x000000070b300000,0x000000070b400000) (1024K)]
  0x0000013b0b0a2a10 JavaThread "Refresh Thread: Equinox Container: 7c658492-4d62-4a3d-9bb2-57f3f54d59df" daemon [_thread_blocked, id=9116, stack(0x000000070b400000,0x000000070b500000) (1024K)]
  0x0000013b0b0a0fd0 JavaThread "Framework Event Dispatcher: Equinox Container: 7c658492-4d62-4a3d-9bb2-57f3f54d59df" daemon [_thread_blocked, id=2204, stack(0x000000070b500000,0x000000070b600000) (1024K)]
  0x0000013b0b0a2380 JavaThread "Start Level: Equinox Container: 7c658492-4d62-4a3d-9bb2-57f3f54d59df" daemon [_thread_blocked, id=17592, stack(0x000000070b700000,0x000000070b800000) (1024K)]
  0x0000013b0b0a1cf0 JavaThread "Bundle File Closer"         daemon [_thread_blocked, id=18040, stack(0x000000070b800000,0x000000070b900000) (1024K)]
  0x0000013b0b0a0940 JavaThread "SCR Component Actor"        daemon [_thread_blocked, id=8424, stack(0x000000070b900000,0x000000070ba00000) (1024K)]
  0x0000013b0beb0fd0 JavaThread "Worker-JM"                         [_thread_blocked, id=5728, stack(0x000000070bc00000,0x000000070bd00000) (1024K)]
  0x0000013b0beb2a10 JavaThread "JNA Cleaner"                daemon [_thread_blocked, id=16368, stack(0x000000070bb00000,0x000000070bc00000) (1024K)]
  0x0000013b0beaf590 JavaThread "Worker-0"                          [_thread_blocked, id=10256, stack(0x000000070bd00000,0x000000070be00000) (1024K)]
  0x0000013b0beb30a0 JavaThread "Worker-1"                          [_thread_blocked, id=7172, stack(0x000000070be00000,0x000000070bf00000) (1024K)]
  0x0000013b0beb2380 JavaThread "Worker-2"                          [_thread_blocked, id=18156, stack(0x000000070c000000,0x000000070c100000) (1024K)]
  0x0000013b0beafc20 JavaThread "Java indexing"              daemon [_thread_blocked, id=16608, stack(0x000000070c200000,0x000000070c300000) (1024K)]
  0x0000013b0beb0940 JavaThread "Worker-3"                          [_thread_blocked, id=1588, stack(0x000000070c300000,0x000000070c400000) (1024K)]
  0x0000013b0beb3730 JavaThread "Worker-4"                          [_thread_blocked, id=14348, stack(0x000000070c400000,0x000000070c500000) (1024K)]
  0x0000013b0beb1cf0 JavaThread "Worker-5: Java indexing... "        [_thread_blocked, id=18028, stack(0x000000070c800000,0x000000070c900000) (1024K)]
  0x0000013b0beb02b0 JavaThread "Worker-6: Building"                [_thread_blocked, id=7056, stack(0x000000070c900000,0x000000070ca00000) (1024K)]
  0x0000013b0beb5170 JavaThread "Thread-2"                   daemon [_thread_in_native, id=17988, stack(0x000000070ca00000,0x000000070cb00000) (1024K)]
  0x0000013b0beb4450 JavaThread "Thread-3"                   daemon [_thread_in_native, id=17800, stack(0x000000070cb00000,0x000000070cc00000) (1024K)]
  0x0000013b0beb5e90 JavaThread "Thread-4"                   daemon [_thread_in_native, id=17748, stack(0x000000070cc00000,0x000000070cd00000) (1024K)]
  0x0000013b0beb4ae0 JavaThread "Thread-5"                   daemon [_thread_in_native, id=6324, stack(0x000000070cd00000,0x000000070ce00000) (1024K)]
  0x0000013b0beb5800 JavaThread "Thread-6"                   daemon [_thread_in_native, id=9952, stack(0x000000070ce00000,0x000000070cf00000) (1024K)]
  0x0000013b0beb6520 JavaThread "Thread-7"                   daemon [_thread_in_native, id=18288, stack(0x000000070cf00000,0x000000070d000000) (1024K)]
  0x0000013b0beb3dc0 JavaThread "Thread-8"                   daemon [_thread_in_native, id=6284, stack(0x000000070d000000,0x000000070d100000) (1024K)]
  0x0000013b0fa9d8a0 JavaThread "Thread-9"                   daemon [_thread_in_native, id=8292, stack(0x000000070d100000,0x000000070d200000) (1024K)]
  0x0000013b0fa9c4f0 JavaThread "Thread-10"                  daemon [_thread_in_native, id=17700, stack(0x000000070d200000,0x000000070d300000) (1024K)]
  0x0000013b0fa9cb80 JavaThread "pool-2-thread-1"                   [_thread_blocked, id=18180, stack(0x000000070d300000,0x000000070d400000) (1024K)]
  0x0000013b0fa9b140 JavaThread "Worker-7"                          [_thread_blocked, id=2628, stack(0x000000070d400000,0x000000070d500000) (1024K)]
  0x0000013b0fa9be60 JavaThread "Worker-8"                          [_thread_blocked, id=16644, stack(0x000000070d500000,0x000000070d600000) (1024K)]
  0x0000013b0fa9d210 JavaThread "WorkspaceEventsHandler"            [_thread_blocked, id=15500, stack(0x000000070ba00000,0x000000070bb00000) (1024K)]
  0x0000013b0fa9ec50 JavaThread "pool-1-thread-1"                   [_thread_blocked, id=9124, stack(0x000000070d600000,0x000000070d700000) (1024K)]
  0x0000013b0fa9b7d0 JavaThread "LocalFile Deleter"          daemon [_thread_blocked, id=11484, stack(0x0000000709d00000,0x0000000709e00000) (1024K)]
  0x0000013b0faa0d20 JavaThread "LocalFile Deleter"          daemon [_thread_blocked, id=17520, stack(0x0000000709e00000,0x0000000709f00000) (1024K)]
  0x0000013b0faa0690 JavaThread "LocalFile Deleter"          daemon [_thread_blocked, id=16084, stack(0x000000070bf00000,0x000000070c000000) (1024K)]
  0x0000013b0faa0000 JavaThread "LocalFile Deleter"          daemon [_thread_blocked, id=15236, stack(0x000000070c100000,0x000000070c200000) (1024K)]
  0x0000013b0faa13b0 JavaThread "LocalFile Deleter"          daemon [_thread_blocked, id=16872, stack(0x000000070d700000,0x000000070d800000) (1024K)]
  0x0000013b0fa9f2e0 JavaThread "LocalFile Deleter"          daemon [_thread_blocked, id=17588, stack(0x000000070d800000,0x000000070d900000) (1024K)]
  0x0000013b0faa20d0 JavaThread "LocalFile Deleter"          daemon [_thread_blocked, id=13464, stack(0x000000070d900000,0x000000070da00000) (1024K)]
  0x0000013b0faa1a40 JavaThread "LocalFile Deleter"          daemon [_thread_blocked, id=17880, stack(0x000000070da00000,0x000000070db00000) (1024K)]
  0x0000013b0faa2760 JavaThread "Compiler Source File Reader" daemon [_thread_blocked, id=12024, stack(0x000000070db00000,0x000000070dc00000) (1024K)]
  0x0000013b0fa9f970 JavaThread "Compiler Source File Reader" daemon [_thread_blocked, id=11736, stack(0x000000070dc00000,0x000000070dd00000) (1024K)]
  0x0000013b0beaef00 JavaThread "Compiler Source File Reader" daemon [_thread_blocked, id=8148, stack(0x000000070dd00000,0x000000070de00000) (1024K)]
  0x0000013b0e302ec0 JavaThread "Compiler Source File Reader" daemon [_thread_blocked, id=10416, stack(0x000000070de00000,0x000000070df00000) (1024K)]
  0x0000013b0e3021a0 JavaThread "Compiler Source File Reader" daemon [_thread_blocked, id=16356, stack(0x000000070df00000,0x000000070e000000) (1024K)]
  0x0000013b0e303550 JavaThread "Compiler Source File Reader" daemon [_thread_blocked, id=10660, stack(0x000000070e000000,0x000000070e100000) (1024K)]
  0x0000013b0e3830c0 JavaThread "C2 CompilerThread1"         daemon [_thread_blocked, id=14192, stack(0x0000000709c00000,0x0000000709d00000) (1024K)]
=>0x0000013b0e0f50d0 JavaThread "C2 CompilerThread2"         daemon [_thread_in_native, id=9532, stack(0x000000070e100000,0x000000070e200000) (1024K)]
Total: 57

Other Threads:
  0x0000013ac43e2d70 VMThread "VM Thread"                           [id=10644, stack(0x000000070a200000,0x000000070a300000) (1024K)]
  0x0000013ac431ba00 WatcherThread "VM Periodic Task Thread"        [id=16632, stack(0x000000070a100000,0x000000070a200000) (1024K)]
  0x0000013ab006dd50 WorkerThread "GC Thread#0"                     [id=12556, stack(0x000000070a000000,0x000000070a100000) (1024K)]
  0x0000013b0b677390 WorkerThread "GC Thread#1"                     [id=4664, stack(0x000000070ad00000,0x000000070ae00000) (1024K)]
  0x0000013b0b76e030 WorkerThread "GC Thread#2"                     [id=6960, stack(0x000000070ae00000,0x000000070af00000) (1024K)]
  0x0000013b0b76e3d0 WorkerThread "GC Thread#3"                     [id=6116, stack(0x000000070af00000,0x000000070b000000) (1024K)]
  0x0000013b0b3632e0 WorkerThread "GC Thread#4"                     [id=17660, stack(0x000000070b000000,0x000000070b100000) (1024K)]
  0x0000013b0b363680 WorkerThread "GC Thread#5"                     [id=6980, stack(0x000000070b100000,0x000000070b200000) (1024K)]
  0x0000013b0b363a20 WorkerThread "GC Thread#6"                     [id=17080, stack(0x000000070b200000,0x000000070b300000) (1024K)]
  0x0000013b0bdfe660 WorkerThread "GC Thread#7"                     [id=10276, stack(0x000000070b600000,0x000000070b700000) (1024K)]
Total: 10

Threads with active compile tasks:
C2 CompilerThread0  99600 9181       4       org.eclipse.jdt.internal.compiler.parser.Scanner::internalScanIdentifierOrKeyword (4939 bytes)
C1 CompilerThread0  99600 9190       3       org.eclipse.jdt.internal.compiler.parser.ScannerHelper::isJavaIdentifierPart (193 bytes)
C2 CompilerThread1  99600 9186       4       java.io.BufferedInputStream::implRead (112 bytes)
C2 CompilerThread2  99600 9049       4       org.lombokweb.asm.ClassReader::readMethod (1070 bytes)
Total: 4

VM state: at safepoint (normal execution)

VM Mutex/Monitor currently owned by a thread:  ([mutex/lock_event])
[0x00007ffd83dbe380] Threads_lock - owner thread: 0x0000013ac43e2d70
[0x00007ffd83dbe480] Heap_lock - owner thread: 0x0000013b0beafc20

Heap address: 0x00000000c0000000, size: 1024 MB, Compressed Oops mode: 32-bit

CDS archive(s) mapped at: [0x0000013ac5000000-0x0000013ac5ba0000-0x0000013ac5ba0000), size 12189696, SharedBaseAddress: 0x0000013ac5000000, ArchiveRelocationMode: 1.
Compressed class space mapped at: 0x0000013ac6000000-0x0000013b06000000, reserved size: 1073741824
Narrow klass base: 0x0000013ac5000000, Narrow klass shift: 0, Narrow klass range: 0x100000000

GC Precious Log:
 CardTable entry size: 512
 CPUs: 8 total, 8 available
 Memory: 8108M
 Large Page Support: Disabled
 NUMA Support: Disabled
 Compressed Oops: Enabled (32-bit)
 Alignments: Space 512K, Generation 512K, Heap 2M
 Heap Min Capacity: 100M
 Heap Initial Capacity: 100M
 Heap Max Capacity: 1G
 Pre-touch: Disabled
 Parallel Workers: 8

Heap:
 PSYoungGen      total 3584K, used 3578K [0x00000000eab00000, 0x00000000eb000000, 0x0000000100000000)
  eden space 3072K, 100% used [0x00000000eab00000,0x00000000eae00000,0x00000000eae00000)
  from space 512K, 98% used [0x00000000eaf80000,0x00000000eaffe800,0x00000000eb000000)
  to   space 1024K, 58% used [0x00000000eae00000,0x00000000eae958f8,0x00000000eaf00000)
 ParOldGen       total 629760K, used 629758K [0x00000000c0000000, 0x00000000e6700000, 0x00000000eab00000)
  object space 629760K, 99% used [0x00000000c0000000,0x00000000e66ff818,0x00000000e6700000)
 Metaspace       used 55508K, committed 56832K, reserved 1114112K
  class space    used 5762K, committed 6336K, reserved 1048576K

Card table byte_map: [0x0000013aaf9f0000,0x0000013aafc00000] _byte_map_base: 0x0000013aaf3f0000

Marking Bits: (ParMarkBitMap*) 0x00007ffd83dc3260
 Begin Bits: [0x0000013ac2240000, 0x0000013ac3240000)
 End Bits:   [0x0000013ac3240000, 0x0000013ac4240000)

Polling page: 0x0000013aade30000

Metaspace:

Usage:
  Non-class:     48.58 MB used.
      Class:      5.63 MB used.
       Both:     54.21 MB used.

Virtual space:
  Non-class space:       64.00 MB reserved,      49.31 MB ( 77%) committed,  1 nodes.
      Class space:        1.00 GB reserved,       6.19 MB ( <1%) committed,  1 nodes.
             Both:        1.06 GB reserved,      55.50 MB (  5%) committed. 

Chunk freelists:
   Non-Class:  13.92 MB
       Class:  9.86 MB
        Both:  23.78 MB

MaxMetaspaceSize: unlimited
CompressedClassSpaceSize: 1.00 GB
Initial GC threshold: 21.00 MB
Current GC threshold: 58.38 MB
CDS: on
 - commit_granule_bytes: 65536.
 - commit_granule_words: 8192.
 - virtual_space_node_default_size: 8388608.
 - enlarge_chunks_in_place: 1.
 - use_allocation_guard: 0.


Internal statistics:

num_allocs_failed_limit: 6.
num_arena_births: 1036.
num_arena_deaths: 14.
num_vsnodes_births: 2.
num_vsnodes_deaths: 0.
num_space_committed: 888.
num_space_uncommitted: 0.
num_chunks_returned_to_freelist: 20.
num_chunks_taken_from_freelist: 3688.
num_chunk_merges: 9.
num_chunk_splits: 2217.
num_chunks_enlarged: 1153.
num_inconsistent_stats: 0.

CodeHeap 'non-profiled nmethods': size=120000Kb used=7800Kb max_used=7800Kb free=112199Kb
 bounds [0x0000013abad10000, 0x0000013abb4b0000, 0x0000013ac2240000]
CodeHeap 'profiled nmethods': size=120000Kb used=18723Kb max_used=18723Kb free=101276Kb
 bounds [0x0000013ab3240000, 0x0000013ab4490000, 0x0000013aba770000]
CodeHeap 'non-nmethods': size=5760Kb used=1404Kb max_used=1515Kb free=4356Kb
 bounds [0x0000013aba770000, 0x0000013aba9e0000, 0x0000013abad10000]
 total_blobs=9225 nmethods=8514 adapters=617
 compilation: enabled
              stopped_count=0, restarted_count=0
 full_count=0

Compilation events (20 events):
Event: 99.361 Thread 0x0000013ac441bd20 9174       3       org.eclipse.jdt.internal.compiler.parser.Parser::consumeZeroTypeAnnotations (86 bytes)
Event: 99.362 Thread 0x0000013ac441bd20 nmethod 9174 0x0000013ab4483090 code [0x0000013ab4483280, 0x0000013ab4483a78]
Event: 99.365 Thread 0x0000013ac44184b0 nmethod 9172 0x0000013abb4ac090 code [0x0000013abb4ac220, 0x0000013abb4ac490]
Event: 99.370 Thread 0x0000013b0e3830c0 nmethod 9173 0x0000013abb4ac710 code [0x0000013abb4ac8e0, 0x0000013abb4acc60]
Event: 99.375 Thread 0x0000013ac441bd20 9175   !   3       org.eclipse.core.internal.localstore.FileSystemResourceManager::getStore (32 bytes)
Event: 99.376 Thread 0x0000013ac441bd20 nmethod 9175 0x0000013ab4483d10 code [0x0000013ab4483f40, 0x0000013ab4484648]
Event: 99.403 Thread 0x0000013ac441bd20 9176       3       org.eclipse.jdt.internal.compiler.parser.Parser::flushCommentsDefinedPriorTo (244 bytes)
Event: 99.405 Thread 0x0000013ac441bd20 nmethod 9176 0x0000013ab4484990 code [0x0000013ab4484be0, 0x0000013ab44854f0]
Event: 99.406 Thread 0x0000013ac441bd20 9177       3       org.eclipse.jdt.internal.compiler.parser.Scanner::isRestrictedKeyword (96 bytes)
Event: 99.406 Thread 0x0000013ac441bd20 nmethod 9177 0x0000013ab4485810 code [0x0000013ab44859c0, 0x0000013ab4485c90]
Event: 99.406 Thread 0x0000013ac441bd20 9178       3       org.eclipse.jdt.internal.compiler.parser.Scanner::updateScanContext (267 bytes)
Event: 99.408 Thread 0x0000013ac441bd20 nmethod 9178 0x0000013ab4485d10 code [0x0000013ab4485f20, 0x0000013ab4486720]
Event: 99.435 Thread 0x0000013ac441bd20 9179       3       org.eclipse.core.runtime.ProgressMonitorWrapper::isCanceled (10 bytes)
Event: 99.435 Thread 0x0000013ac441bd20 nmethod 9179 0x0000013ab4486810 code [0x0000013ab44869c0, 0x0000013ab4486b98]
Event: 99.440 Thread 0x0000013b0e3830c0 9180       4       jdk.internal.misc.Unsafe::putReferenceOpaque (9 bytes)
Event: 99.441 Thread 0x0000013b0e3830c0 nmethod 9180 0x0000013abb4ad090 code [0x0000013abb4ad220, 0x0000013abb4ad2d0]
Event: 99.443 Thread 0x0000013ac44184b0 9181       4       org.eclipse.jdt.internal.compiler.parser.Scanner::internalScanIdentifierOrKeyword (4939 bytes)
Event: 99.468 Thread 0x0000013ac441bd20 9182       3       jdk.internal.misc.Unsafe::putIntRelease (9 bytes)
Event: 99.468 Thread 0x0000013b0e3830c0 9183       4       org.eclipse.jdt.internal.compiler.parser.Scanner::scanIdentifierOrKeyword (271 bytes)
Event: 99.468 Thread 0x0000013ac441bd20 nmethod 9182 0x0000013ab4486c90 code [0x0000013ab4486e20, 0x0000013ab4486f38]

GC Heap History (20 events):
Event: 98.325 GC heap before
{Heap before GC invocations=977 (full 2):
 PSYoungGen      total 4096K, used 4054K [0x00000000eab00000, 0x00000000eb180000, 0x0000000100000000)
  eden space 3072K, 100% used [0x00000000eab00000,0x00000000eae00000,0x00000000eae00000)
  from space 1024K, 95% used [0x00000000eaf80000,0x00000000eb075ab8,0x00000000eb080000)
  to   space 1536K, 0% used [0x00000000eae00000,0x00000000eae00000,0x00000000eaf80000)
 ParOldGen       total 627712K, used 627589K [0x00000000c0000000, 0x00000000e6500000, 0x00000000eab00000)
  object space 627712K, 99% used [0x00000000c0000000,0x00000000e64e1618,0x00000000e6500000)
 Metaspace       used 54194K, committed 55488K, reserved 1114112K
  class space    used 5656K, committed 6208K, reserved 1048576K
}
Event: 98.333 GC heap after
{Heap after GC invocations=977 (full 2):
 PSYoungGen      total 4096K, used 904K [0x00000000eab00000, 0x00000000eb000000, 0x0000000100000000)
  eden space 3072K, 0% used [0x00000000eab00000,0x00000000eab00000,0x00000000eae00000)
  from space 1024K, 88% used [0x00000000eae00000,0x00000000eaee2100,0x00000000eaf00000)
  to   space 1024K, 0% used [0x00000000eaf00000,0x00000000eaf00000,0x00000000eb000000)
 ParOldGen       total 628224K, used 627733K [0x00000000c0000000, 0x00000000e6580000, 0x00000000eab00000)
  object space 628224K, 99% used [0x00000000c0000000,0x00000000e6505618,0x00000000e6580000)
 Metaspace       used 54194K, committed 55488K, reserved 1114112K
  class space    used 5656K, committed 6208K, reserved 1048576K
}
Event: 98.371 GC heap before
{Heap before GC invocations=978 (full 2):
 PSYoungGen      total 4096K, used 3976K [0x00000000eab00000, 0x00000000eb000000, 0x0000000100000000)
  eden space 3072K, 100% used [0x00000000eab00000,0x00000000eae00000,0x00000000eae00000)
  from space 1024K, 88% used [0x00000000eae00000,0x00000000eaee2100,0x00000000eaf00000)
  to   space 1024K, 0% used [0x00000000eaf00000,0x00000000eaf00000,0x00000000eb000000)
 ParOldGen       total 628224K, used 627733K [0x00000000c0000000, 0x00000000e6580000, 0x00000000eab00000)
  object space 628224K, 99% used [0x00000000c0000000,0x00000000e6505618,0x00000000e6580000)
 Metaspace       used 54194K, committed 55488K, reserved 1114112K
  class space    used 5656K, committed 6208K, reserved 1048576K
}
Event: 98.377 GC heap after
{Heap after GC invocations=978 (full 2):
 PSYoungGen      total 4096K, used 872K [0x00000000eab00000, 0x00000000eb000000, 0x0000000100000000)
  eden space 3072K, 0% used [0x00000000eab00000,0x00000000eab00000,0x00000000eae00000)
  from space 1024K, 85% used [0x00000000eaf00000,0x00000000eafda110,0x00000000eb000000)
  to   space 1024K, 0% used [0x00000000eae00000,0x00000000eae00000,0x00000000eaf00000)
 ParOldGen       total 628224K, used 627813K [0x00000000c0000000, 0x00000000e6580000, 0x00000000eab00000)
  object space 628224K, 99% used [0x00000000c0000000,0x00000000e6519618,0x00000000e6580000)
 Metaspace       used 54194K, committed 55488K, reserved 1114112K
  class space    used 5656K, committed 6208K, reserved 1048576K
}
Event: 98.426 GC heap before
{Heap before GC invocations=979 (full 2):
 PSYoungGen      total 4096K, used 3944K [0x00000000eab00000, 0x00000000eb000000, 0x0000000100000000)
  eden space 3072K, 100% used [0x00000000eab00000,0x00000000eae00000,0x00000000eae00000)
  from space 1024K, 85% used [0x00000000eaf00000,0x00000000eafda110,0x00000000eb000000)
  to   space 1024K, 0% used [0x00000000eae00000,0x00000000eae00000,0x00000000eaf00000)
 ParOldGen       total 628224K, used 627813K [0x00000000c0000000, 0x00000000e6580000, 0x00000000eab00000)
  object space 628224K, 99% used [0x00000000c0000000,0x00000000e6519618,0x00000000e6580000)
 Metaspace       used 54196K, committed 55488K, reserved 1114112K
  class space    used 5656K, committed 6208K, reserved 1048576K
}
Event: 98.434 GC heap after
{Heap after GC invocations=979 (full 2):
 PSYoungGen      total 4096K, used 1015K [0x00000000eab00000, 0x00000000eb100000, 0x0000000100000000)
  eden space 3072K, 0% used [0x00000000eab00000,0x00000000eab00000,0x00000000eae00000)
  from space 1024K, 99% used [0x00000000eae00000,0x00000000eaefdd50,0x00000000eaf00000)
  to   space 1536K, 0% used [0x00000000eaf80000,0x00000000eaf80000,0x00000000eb100000)
 ParOldGen       total 628224K, used 627861K [0x00000000c0000000, 0x00000000e6580000, 0x00000000eab00000)
  object space 628224K, 99% used [0x00000000c0000000,0x00000000e6525618,0x00000000e6580000)
 Metaspace       used 54196K, committed 55488K, reserved 1114112K
  class space    used 5656K, committed 6208K, reserved 1048576K
}
Event: 98.454 GC heap before
{Heap before GC invocations=980 (full 2):
 PSYoungGen      total 4096K, used 4087K [0x00000000eab00000, 0x00000000eb100000, 0x0000000100000000)
  eden space 3072K, 100% used [0x00000000eab00000,0x00000000eae00000,0x00000000eae00000)
  from space 1024K, 99% used [0x00000000eae00000,0x00000000eaefdd50,0x00000000eaf00000)
  to   space 1536K, 0% used [0x00000000eaf80000,0x00000000eaf80000,0x00000000eb100000)
 ParOldGen       total 628224K, used 627861K [0x00000000c0000000, 0x00000000e6580000, 0x00000000eab00000)
  object space 628224K, 99% used [0x00000000c0000000,0x00000000e6525618,0x00000000e6580000)
 Metaspace       used 54357K, committed 55616K, reserved 1114112K
  class space    used 5658K, committed 6208K, reserved 1048576K
}
Event: 98.459 GC heap after
{Heap after GC invocations=980 (full 2):
 PSYoungGen      total 3584K, used 320K [0x00000000eab00000, 0x00000000eb000000, 0x0000000100000000)
  eden space 3072K, 0% used [0x00000000eab00000,0x00000000eab00000,0x00000000eae00000)
  from space 512K, 62% used [0x00000000eaf80000,0x00000000eafd0000,0x00000000eb000000)
  to   space 1024K, 0% used [0x00000000eae00000,0x00000000eae00000,0x00000000eaf00000)
 ParOldGen       total 628224K, used 627989K [0x00000000c0000000, 0x00000000e6580000, 0x00000000eab00000)
  object space 628224K, 99% used [0x00000000c0000000,0x00000000e6545618,0x00000000e6580000)
 Metaspace       used 54357K, committed 55616K, reserved 1114112K
  class space    used 5658K, committed 6208K, reserved 1048576K
}
Event: 98.487 GC heap before
{Heap before GC invocations=981 (full 2):
 PSYoungGen      total 3584K, used 3392K [0x00000000eab00000, 0x00000000eb000000, 0x0000000100000000)
  eden space 3072K, 100% used [0x00000000eab00000,0x00000000eae00000,0x00000000eae00000)
  from space 512K, 62% used [0x00000000eaf80000,0x00000000eafd0000,0x00000000eb000000)
  to   space 1024K, 0% used [0x00000000eae00000,0x00000000eae00000,0x00000000eaf00000)
 ParOldGen       total 628224K, used 627989K [0x00000000c0000000, 0x00000000e6580000, 0x00000000eab00000)
  object space 628224K, 99% used [0x00000000c0000000,0x00000000e6545618,0x00000000e6580000)
 Metaspace       used 54457K, committed 55680K, reserved 1114112K
  class space    used 5672K, committed 6208K, reserved 1048576K
}
Event: 98.493 GC heap after
{Heap after GC invocations=981 (full 2):
 PSYoungGen      total 4096K, used 416K [0x00000000eab00000, 0x00000000eb000000, 0x0000000100000000)
  eden space 3072K, 0% used [0x00000000eab00000,0x00000000eab00000,0x00000000eae00000)
  from space 1024K, 40% used [0x00000000eae00000,0x00000000eae68000,0x00000000eaf00000)
  to   space 512K, 0% used [0x00000000eaf80000,0x00000000eaf80000,0x00000000eb000000)
 ParOldGen       total 628224K, used 628181K [0x00000000c0000000, 0x00000000e6580000, 0x00000000eab00000)
  object space 628224K, 99% used [0x00000000c0000000,0x00000000e6575618,0x00000000e6580000)
 Metaspace       used 54457K, committed 55680K, reserved 1114112K
  class space    used 5672K, committed 6208K, reserved 1048576K
}
Event: 98.537 GC heap before
{Heap before GC invocations=982 (full 2):
 PSYoungGen      total 4096K, used 3488K [0x00000000eab00000, 0x00000000eb000000, 0x0000000100000000)
  eden space 3072K, 100% used [0x00000000eab00000,0x00000000eae00000,0x00000000eae00000)
  from space 1024K, 40% used [0x00000000eae00000,0x00000000eae68000,0x00000000eaf00000)
  to   space 512K, 0% used [0x00000000eaf80000,0x00000000eaf80000,0x00000000eb000000)
 ParOldGen       total 628224K, used 628181K [0x00000000c0000000, 0x00000000e6580000, 0x00000000eab00000)
  object space 628224K, 99% used [0x00000000c0000000,0x00000000e6575618,0x00000000e6580000)
 Metaspace       used 54602K, committed 55872K, reserved 1114112K
  class space    used 5691K, committed 6272K, reserved 1048576K
}
Event: 98.542 GC heap after
{Heap after GC invocations=982 (full 2):
 PSYoungGen      total 3584K, used 416K [0x00000000eab00000, 0x00000000eb000000, 0x0000000100000000)
  eden space 3072K, 0% used [0x00000000eab00000,0x00000000eab00000,0x00000000eae00000)
  from space 512K, 81% used [0x00000000eaf80000,0x00000000eafe8000,0x00000000eb000000)
  to   space 512K, 0% used [0x00000000eaf00000,0x00000000eaf00000,0x00000000eaf80000)
 ParOldGen       total 628736K, used 628461K [0x00000000c0000000, 0x00000000e6600000, 0x00000000eab00000)
  object space 628736K, 99% used [0x00000000c0000000,0x00000000e65bb618,0x00000000e6600000)
 Metaspace       used 54602K, committed 55872K, reserved 1114112K
  class space    used 5691K, committed 6272K, reserved 1048576K
}
Event: 98.598 GC heap before
{Heap before GC invocations=983 (full 2):
 PSYoungGen      total 3584K, used 3488K [0x00000000eab00000, 0x00000000eb000000, 0x0000000100000000)
  eden space 3072K, 100% used [0x00000000eab00000,0x00000000eae00000,0x00000000eae00000)
  from space 512K, 81% used [0x00000000eaf80000,0x00000000eafe8000,0x00000000eb000000)
  to   space 512K, 0% used [0x00000000eaf00000,0x00000000eaf00000,0x00000000eaf80000)
 ParOldGen       total 628736K, used 628461K [0x00000000c0000000, 0x00000000e6600000, 0x00000000eab00000)
  object space 628736K, 99% used [0x00000000c0000000,0x00000000e65bb618,0x00000000e6600000)
 Metaspace       used 54820K, committed 56064K, reserved 1114112K
  class space    used 5715K, committed 6272K, reserved 1048576K
}
Event: 98.604 GC heap after
{Heap after GC invocations=983 (full 2):
 PSYoungGen      total 3584K, used 436K [0x00000000eab00000, 0x00000000eb000000, 0x0000000100000000)
  eden space 3072K, 0% used [0x00000000eab00000,0x00000000eab00000,0x00000000eae00000)
  from space 512K, 85% used [0x00000000eaf00000,0x00000000eaf6d000,0x00000000eaf80000)
  to   space 512K, 0% used [0x00000000eaf80000,0x00000000eaf80000,0x00000000eb000000)
 ParOldGen       total 628736K, used 628733K [0x00000000c0000000, 0x00000000e6600000, 0x00000000eab00000)
  object space 628736K, 99% used [0x00000000c0000000,0x00000000e65ff618,0x00000000e6600000)
 Metaspace       used 54820K, committed 56064K, reserved 1114112K
  class space    used 5715K, committed 6272K, reserved 1048576K
}
Event: 98.753 GC heap before
{Heap before GC invocations=984 (full 2):
 PSYoungGen      total 3584K, used 3508K [0x00000000eab00000, 0x00000000eb000000, 0x0000000100000000)
  eden space 3072K, 100% used [0x00000000eab00000,0x00000000eae00000,0x00000000eae00000)
  from space 512K, 85% used [0x00000000eaf00000,0x00000000eaf6d000,0x00000000eaf80000)
  to   space 512K, 0% used [0x00000000eaf80000,0x00000000eaf80000,0x00000000eb000000)
 ParOldGen       total 628736K, used 628733K [0x00000000c0000000, 0x00000000e6600000, 0x00000000eab00000)
  object space 628736K, 99% used [0x00000000c0000000,0x00000000e65ff618,0x00000000e6600000)
 Metaspace       used 55129K, committed 56448K, reserved 1114112K
  class space    used 5749K, committed 6336K, reserved 1048576K
}
Event: 98.757 GC heap after
{Heap after GC invocations=984 (full 2):
 PSYoungGen      total 3584K, used 320K [0x00000000eab00000, 0x00000000eb000000, 0x0000000100000000)
  eden space 3072K, 0% used [0x00000000eab00000,0x00000000eab00000,0x00000000eae00000)
  from space 512K, 62% used [0x00000000eaf80000,0x00000000eafd0000,0x00000000eb000000)
  to   space 512K, 0% used [0x00000000eaf00000,0x00000000eaf00000,0x00000000eaf80000)
 ParOldGen       total 629248K, used 628957K [0x00000000c0000000, 0x00000000e6680000, 0x00000000eab00000)
  object space 629248K, 99% used [0x00000000c0000000,0x00000000e6637618,0x00000000e6680000)
 Metaspace       used 55129K, committed 56448K, reserved 1114112K
  class space    used 5749K, committed 6336K, reserved 1048576K
}
Event: 98.858 GC heap before
{Heap before GC invocations=985 (full 2):
 PSYoungGen      total 3584K, used 3379K [0x00000000eab00000, 0x00000000eb000000, 0x0000000100000000)
  eden space 3072K, 99% used [0x00000000eab00000,0x00000000eadfcd50,0x00000000eae00000)
  from space 512K, 62% used [0x00000000eaf80000,0x00000000eafd0000,0x00000000eb000000)
  to   space 512K, 0% used [0x00000000eaf00000,0x00000000eaf00000,0x00000000eaf80000)
 ParOldGen       total 629248K, used 628957K [0x00000000c0000000, 0x00000000e6680000, 0x00000000eab00000)
  object space 629248K, 99% used [0x00000000c0000000,0x00000000e6637618,0x00000000e6680000)
 Metaspace       used 55294K, committed 56576K, reserved 1114112K
  class space    used 5755K, committed 6336K, reserved 1048576K
}
Event: 98.865 GC heap after
{Heap after GC invocations=985 (full 2):
 PSYoungGen      total 3584K, used 448K [0x00000000eab00000, 0x00000000eb000000, 0x0000000100000000)
  eden space 3072K, 0% used [0x00000000eab00000,0x00000000eab00000,0x00000000eae00000)
  from space 512K, 87% used [0x00000000eaf00000,0x00000000eaf70000,0x00000000eaf80000)
  to   space 512K, 0% used [0x00000000eaf80000,0x00000000eaf80000,0x00000000eb000000)
 ParOldGen       total 629248K, used 629173K [0x00000000c0000000, 0x00000000e6680000, 0x00000000eab00000)
  object space 629248K, 99% used [0x00000000c0000000,0x00000000e666d618,0x00000000e6680000)
 Metaspace       used 55294K, committed 56576K, reserved 1114112K
  class space    used 5755K, committed 6336K, reserved 1048576K
}
Event: 98.993 GC heap before
{Heap before GC invocations=986 (full 2):
 PSYoungGen      total 3584K, used 3515K [0x00000000eab00000, 0x00000000eb000000, 0x0000000100000000)
  eden space 3072K, 99% used [0x00000000eab00000,0x00000000eadfed98,0x00000000eae00000)
  from space 512K, 87% used [0x00000000eaf00000,0x00000000eaf70000,0x00000000eaf80000)
  to   space 512K, 0% used [0x00000000eaf80000,0x00000000eaf80000,0x00000000eb000000)
 ParOldGen       total 629248K, used 629189K [0x00000000c0000000, 0x00000000e6680000, 0x00000000eab00000)
  object space 629248K, 99% used [0x00000000c0000000,0x00000000e6671628,0x00000000e6680000)
 Metaspace       used 55411K, committed 56704K, reserved 1114112K
  class space    used 5761K, committed 6336K, reserved 1048576K
}
Event: 99.000 GC heap after
{Heap after GC invocations=986 (full 2):
 PSYoungGen      total 3584K, used 506K [0x00000000eab00000, 0x00000000eb000000, 0x0000000100000000)
  eden space 3072K, 0% used [0x00000000eab00000,0x00000000eab00000,0x00000000eae00000)
  from space 512K, 98% used [0x00000000eaf80000,0x00000000eaffe800,0x00000000eb000000)
  to   space 1024K, 0% used [0x00000000eae00000,0x00000000eae00000,0x00000000eaf00000)
 ParOldGen       total 629760K, used 629573K [0x00000000c0000000, 0x00000000e6700000, 0x00000000eab00000)
  object space 629760K, 99% used [0x00000000c0000000,0x00000000e66d1500,0x00000000e6700000)
 Metaspace       used 55411K, committed 56704K, reserved 1114112K
  class space    used 5761K, committed 6336K, reserved 1048576K
}

Dll operation events (10 events):
Event: 0.184 Loaded shared library c:\Users\fatim\.vscode\extensions\redhat.java-1.40.0-win32-x64\jre\21.0.6-win32-x86_64\bin\java.dll
Event: 0.443 Loaded shared library c:\Users\fatim\.vscode\extensions\redhat.java-1.40.0-win32-x64\jre\21.0.6-win32-x86_64\bin\zip.dll
Event: 0.526 Loaded shared library C:\Users\fatim\.vscode\extensions\redhat.java-1.40.0-win32-x64\jre\21.0.6-win32-x86_64\bin\instrument.dll
Event: 0.543 Loaded shared library C:\Users\fatim\.vscode\extensions\redhat.java-1.40.0-win32-x64\jre\21.0.6-win32-x86_64\bin\net.dll
Event: 0.552 Loaded shared library C:\Users\fatim\.vscode\extensions\redhat.java-1.40.0-win32-x64\jre\21.0.6-win32-x86_64\bin\nio.dll
Event: 0.562 Loaded shared library C:\Users\fatim\.vscode\extensions\redhat.java-1.40.0-win32-x64\jre\21.0.6-win32-x86_64\bin\zip.dll
Event: 0.626 Loaded shared library C:\Users\fatim\.vscode\extensions\redhat.java-1.40.0-win32-x64\jre\21.0.6-win32-x86_64\bin\jimage.dll
Event: 0.858 Loaded shared library c:\Users\fatim\.vscode\extensions\redhat.java-1.40.0-win32-x64\jre\21.0.6-win32-x86_64\bin\verify.dll
Event: 16.276 Loaded shared library C:\Users\fatim\AppData\Roaming\Code\User\globalStorage\redhat.java\1.40.0\config_win\org.eclipse.equinox.launcher\org.eclipse.equinox.launcher.win32.win32.x86_64_1.2.1200.v20250212-0927\eclipse_11909.dll
Event: 40.625 Loaded shared library C:\Users\fatim\AppData\Local\Temp\jna--1281652220\jna12493803686975078702.dll

Deoptimization events (20 events):
Event: 98.238 Thread 0x0000013b0beb02b0 DEOPT PACKING pc=0x0000013ab3b2c2b3 sp=0x000000070c9fa900
Event: 98.238 Thread 0x0000013b0beb02b0 DEOPT UNPACKING pc=0x0000013aba7c4242 sp=0x000000070c9f9e30 mode 0
Event: 98.241 Thread 0x0000013b0beb02b0 DEOPT PACKING pc=0x0000013ab3b2f650 sp=0x000000070c9fa870
Event: 98.241 Thread 0x0000013b0beb02b0 DEOPT UNPACKING pc=0x0000013aba7c4242 sp=0x000000070c9f9e18 mode 0
Event: 98.279 Thread 0x0000013b0beb02b0 DEOPT PACKING pc=0x0000013ab3b2c2b3 sp=0x000000070c9fa900
Event: 98.279 Thread 0x0000013b0beb02b0 DEOPT UNPACKING pc=0x0000013aba7c4242 sp=0x000000070c9f9e30 mode 0
Event: 98.282 Thread 0x0000013b0beb02b0 DEOPT PACKING pc=0x0000013ab3b2f650 sp=0x000000070c9fa870
Event: 98.282 Thread 0x0000013b0beb02b0 DEOPT UNPACKING pc=0x0000013aba7c4242 sp=0x000000070c9f9e18 mode 0
Event: 98.301 Thread 0x0000013b0beb02b0 DEOPT PACKING pc=0x0000013ab3b2c2b3 sp=0x000000070c9fa900
Event: 98.301 Thread 0x0000013b0beb02b0 DEOPT UNPACKING pc=0x0000013aba7c4242 sp=0x000000070c9f9e30 mode 0
Event: 98.305 Thread 0x0000013b0beb02b0 DEOPT PACKING pc=0x0000013ab3b2f650 sp=0x000000070c9fa870
Event: 98.305 Thread 0x0000013b0beb02b0 DEOPT UNPACKING pc=0x0000013aba7c4242 sp=0x000000070c9f9e18 mode 0
Event: 98.344 Thread 0x0000013b0beb02b0 DEOPT PACKING pc=0x0000013ab3b2c2b3 sp=0x000000070c9fa900
Event: 98.344 Thread 0x0000013b0beb02b0 DEOPT UNPACKING pc=0x0000013aba7c4242 sp=0x000000070c9f9e30 mode 0
Event: 98.352 Thread 0x0000013b0beb02b0 DEOPT PACKING pc=0x0000013ab3b2f650 sp=0x000000070c9fa870
Event: 98.352 Thread 0x0000013b0beb02b0 DEOPT UNPACKING pc=0x0000013aba7c4242 sp=0x000000070c9f9e18 mode 0
Event: 98.423 Thread 0x0000013b0beb02b0 DEOPT PACKING pc=0x0000013ab3b2c2b3 sp=0x000000070c9fa900
Event: 98.423 Thread 0x0000013b0beb02b0 DEOPT UNPACKING pc=0x0000013aba7c4242 sp=0x000000070c9f9e30 mode 0
Event: 98.424 Thread 0x0000013b0beb02b0 DEOPT PACKING pc=0x0000013ab3b2f650 sp=0x000000070c9fa870
Event: 98.425 Thread 0x0000013b0beb02b0 DEOPT UNPACKING pc=0x0000013aba7c4242 sp=0x000000070c9f9e18 mode 0

Classes loaded (20 events):
Event: 54.042 Loading class java/util/stream/MatchOps
Event: 54.042 Loading class java/util/stream/MatchOps done
Event: 54.042 Loading class java/util/stream/MatchOps$MatchOp
Event: 54.043 Loading class java/util/stream/MatchOps$MatchOp done
Event: 54.043 Loading class java/util/stream/MatchOps$BooleanTerminalSink
Event: 54.043 Loading class java/util/stream/MatchOps$BooleanTerminalSink done
Event: 54.044 Loading class java/util/stream/MatchOps$1MatchSink
Event: 54.044 Loading class java/util/stream/MatchOps$1MatchSink done
Event: 73.613 Loading class sun/nio/fs/WindowsFileCopy
Event: 73.615 Loading class sun/nio/fs/WindowsFileCopy done
Event: 93.120 Loading class jdk/internal/math/FormattedFPDecimal
Event: 93.121 Loading class jdk/internal/math/FormattedFPDecimal done
Event: 94.264 Loading class java/util/concurrent/ForkJoinTask$AdaptedCallable
Event: 94.264 Loading class java/util/concurrent/ForkJoinTask$AdaptedCallable done
Event: 95.583 Loading class java/util/Vector$1
Event: 95.584 Loading class java/util/Vector$1 done
Event: 96.603 Loading class java/util/regex/Pattern$Caret
Event: 96.604 Loading class java/util/regex/Pattern$Caret done
Event: 96.794 Loading class java/util/regex/Pattern$LazyLoop
Event: 96.794 Loading class java/util/regex/Pattern$LazyLoop done

Classes unloaded (7 events):
Event: 42.047 Thread 0x0000013ac43e2d70 Unloading class 0x0000013ac61a1400 'java/lang/invoke/LambdaForm$MH+0x0000013ac61a1400'
Event: 42.047 Thread 0x0000013ac43e2d70 Unloading class 0x0000013ac61a1000 'java/lang/invoke/LambdaForm$MH+0x0000013ac61a1000'
Event: 42.047 Thread 0x0000013ac43e2d70 Unloading class 0x0000013ac61a0c00 'java/lang/invoke/LambdaForm$MH+0x0000013ac61a0c00'
Event: 42.047 Thread 0x0000013ac43e2d70 Unloading class 0x0000013ac61a0800 'java/lang/invoke/LambdaForm$MH+0x0000013ac61a0800'
Event: 42.047 Thread 0x0000013ac43e2d70 Unloading class 0x0000013ac61a0400 'java/lang/invoke/LambdaForm$BMH+0x0000013ac61a0400'
Event: 42.047 Thread 0x0000013ac43e2d70 Unloading class 0x0000013ac61a0000 'java/lang/invoke/LambdaForm$DMH+0x0000013ac61a0000'
Event: 42.047 Thread 0x0000013ac43e2d70 Unloading class 0x0000013ac619ec00 'java/lang/invoke/LambdaForm$DMH+0x0000013ac619ec00'

Classes redefined (0 events):
No events

Internal exceptions (20 events):
Event: 94.282 Thread 0x0000013b0faa1a40 Exception <a 'sun/nio/fs/WindowsException'{0x00000000eac609f8}> (0x00000000eac609f8) 
thrown [s\src\hotspot\share\prims\jni.cpp, line 520]
Event: 94.283 Thread 0x0000013b0faa20d0 Exception <a 'sun/nio/fs/WindowsException'{0x00000000eac628c0}> (0x00000000eac628c0) 
thrown [s\src\hotspot\share\prims\jni.cpp, line 520]
Event: 94.286 Thread 0x0000013b0faa0d20 Exception <a 'sun/nio/fs/WindowsException'{0x00000000eac68cd0}> (0x00000000eac68cd0) 
thrown [s\src\hotspot\share\prims\jni.cpp, line 520]
Event: 94.290 Thread 0x0000013b0faa1a40 Exception <a 'sun/nio/fs/WindowsException'{0x00000000eac6c9b8}> (0x00000000eac6c9b8) 
thrown [s\src\hotspot\share\prims\jni.cpp, line 520]
Event: 94.293 Thread 0x0000013b0faa20d0 Exception <a 'sun/nio/fs/WindowsException'{0x00000000eac641f8}> (0x00000000eac641f8) 
thrown [s\src\hotspot\share\prims\jni.cpp, line 520]
Event: 94.294 Thread 0x0000013b0faa13b0 Exception <a 'sun/nio/fs/WindowsException'{0x00000000eac50e70}> (0x00000000eac50e70) 
thrown [s\src\hotspot\share\prims\jni.cpp, line 520]
Event: 94.294 Thread 0x0000013b0faa0d20 Exception <a 'sun/nio/fs/WindowsException'{0x00000000eac6ae30}> (0x00000000eac6ae30) 
thrown [s\src\hotspot\share\prims\jni.cpp, line 520]
Event: 94.301 Thread 0x0000013b0faa0000 Exception <a 'sun/nio/fs/WindowsException'{0x00000000eac462f8}> (0x00000000eac462f8) 
thrown [s\src\hotspot\share\prims\jni.cpp, line 520]
Event: 94.303 Thread 0x0000013b0faa20d0 Exception <a 'sun/nio/fs/WindowsException'{0x00000000eac7aa60}> (0x00000000eac7aa60) 
thrown [s\src\hotspot\share\prims\jni.cpp, line 520]
Event: 94.304 Thread 0x0000013b0fa9b7d0 Exception <a 'sun/nio/fs/WindowsException'{0x00000000eac25aa0}> (0x00000000eac25aa0) 
thrown [s\src\hotspot\share\prims\jni.cpp, line 520]
Event: 94.304 Thread 0x0000013b0faa0690 Exception <a 'sun/nio/fs/WindowsException'{0x00000000eac67a28}> (0x00000000eac67a28) 
thrown [s\src\hotspot\share\prims\jni.cpp, line 520]
Event: 94.305 Thread 0x0000013b0fa9f2e0 Exception <a 'sun/nio/fs/WindowsException'{0x00000000eac541b8}> (0x00000000eac541b8) 
thrown [s\src\hotspot\share\prims\jni.cpp, line 520]
Event: 94.312 Thread 0x0000013b0faa0690 Exception <a 'sun/nio/fs/WindowsException'{0x00000000eac8a9e8}> (0x00000000eac8a9e8) 
thrown [s\src\hotspot\share\prims\jni.cpp, line 520]
Event: 94.354 Thread 0x0000013b0beb02b0 Exception <a 'sun/nio/fs/WindowsException'{0x00000000eace6d20}> (0x00000000eace6d20) 
thrown [s\src\hotspot\share\prims\jni.cpp, line 520]
Event: 95.243 Thread 0x0000013b0beafc20 Exception <a 'sun/nio/fs/WindowsException'{0x00000000eab069e8}> (0x00000000eab069e8) 
thrown [s\src\hotspot\share\prims\jni.cpp, line 520]
Event: 95.519 Thread 0x0000013b0beafc20 Exception <a 'sun/nio/fs/WindowsException'{0x00000000eaba0740}> (0x00000000eaba0740) 
thrown [s\src\hotspot\share\prims\jni.cpp, line 520]
Event: 96.371 Thread 0x0000013b0beafc20 Exception <a 'sun/nio/fs/WindowsException'{0x00000000eab2c318}> (0x00000000eab2c318) 
thrown [s\src\hotspot\share\prims\jni.cpp, line 520]
Event: 96.654 Thread 0x0000013b0beafc20 Exception <a 'sun/nio/fs/WindowsException'{0x00000000eab26588}> (0x00000000eab26588) 
thrown [s\src\hotspot\share\prims\jni.cpp, line 520]
Event: 97.315 Thread 0x0000013b0beafc20 Exception <a 'sun/nio/fs/WindowsException'{0x00000000eab449b8}> (0x00000000eab449b8) 
thrown [s\src\hotspot\share\prims\jni.cpp, line 520]
Event: 97.471 Thread 0x0000013b0beafc20 Exception <a 'sun/nio/fs/WindowsException'{0x00000000eae5c948}> (0x00000000eae5c948) 
thrown [s\src\hotspot\share\prims\jni.cpp, line 520]

ZGC Phase Switch (0 events):
No events

VM Operations (20 events):
Event: 98.366 Executing VM operation: ParallelGCFailedAllocation (Allocation Failure)
Event: 98.377 Executing VM operation: ParallelGCFailedAllocation (Allocation Failure) done
Event: 98.426 Executing VM operation: ParallelGCFailedAllocation (Allocation Failure)
Event: 98.434 Executing VM operation: ParallelGCFailedAllocation (Allocation Failure) done
Event: 98.454 Executing VM operation: ParallelGCFailedAllocation (Allocation Failure)
Event: 98.459 Executing VM operation: ParallelGCFailedAllocation (Allocation Failure) done
Event: 98.487 Executing VM operation: ParallelGCFailedAllocation (Allocation Failure)
Event: 98.493 Executing VM operation: ParallelGCFailedAllocation (Allocation Failure) done
Event: 98.536 Executing VM operation: ParallelGCFailedAllocation (Allocation Failure)
Event: 98.542 Executing VM operation: ParallelGCFailedAllocation (Allocation Failure) done
Event: 98.598 Executing VM operation: ParallelGCFailedAllocation (Allocation Failure)
Event: 98.604 Executing VM operation: ParallelGCFailedAllocation (Allocation Failure) done
Event: 98.752 Executing VM operation: ParallelGCFailedAllocation (Allocation Failure)
Event: 98.757 Executing VM operation: ParallelGCFailedAllocation (Allocation Failure) done
Event: 98.858 Executing VM operation: ParallelGCFailedAllocation (Allocation Failure)
Event: 98.865 Executing VM operation: ParallelGCFailedAllocation (Allocation Failure) done
Event: 98.992 Executing VM operation: ParallelGCFailedAllocation (Allocation Failure)
Event: 98.992 Executing VM operation: ParallelGCFailedAllocation (Allocation Failure) done
Event: 98.993 Executing VM operation: ParallelGCSystemGC (GCLocker Initiated GC)
Event: 99.000 Executing VM operation: ParallelGCSystemGC (GCLocker Initiated GC) done

Memory protections (0 events):
No events

Nmethod flushes (20 events):
Event: 45.546 Thread 0x0000013ac43e2d70 flushing  nmethod 0x0000013ab3945710
Event: 45.546 Thread 0x0000013ac43e2d70 flushing  nmethod 0x0000013ab3945e90
Event: 45.546 Thread 0x0000013ac43e2d70 flushing  nmethod 0x0000013ab3947410
Event: 45.546 Thread 0x0000013ac43e2d70 flushing  nmethod 0x0000013ab3947810
Event: 45.546 Thread 0x0000013ac43e2d70 flushing  nmethod 0x0000013ab3947d10
Event: 45.546 Thread 0x0000013ac43e2d70 flushing  nmethod 0x0000013ab3948e10
Event: 45.546 Thread 0x0000013ac43e2d70 flushing  nmethod 0x0000013ab3949a90
Event: 45.546 Thread 0x0000013ac43e2d70 flushing  nmethod 0x0000013ab394a510
Event: 45.546 Thread 0x0000013ac43e2d70 flushing  nmethod 0x0000013ab394a810
Event: 45.546 Thread 0x0000013ac43e2d70 flushing  nmethod 0x0000013ab3958710
Event: 45.546 Thread 0x0000013ac43e2d70 flushing  nmethod 0x0000013ab3978c10
Event: 45.546 Thread 0x0000013ac43e2d70 flushing  nmethod 0x0000013ab3983f10
Event: 45.546 Thread 0x0000013ac43e2d70 flushing  nmethod 0x0000013ab3984a90
Event: 45.546 Thread 0x0000013ac43e2d70 flushing  nmethod 0x0000013ab3993290
Event: 45.546 Thread 0x0000013ac43e2d70 flushing  nmethod 0x0000013ab39c3f90
Event: 45.546 Thread 0x0000013ac43e2d70 flushing  nmethod 0x0000013ab39c6e90
Event: 45.546 Thread 0x0000013ac43e2d70 flushing  nmethod 0x0000013ab39f9a90
Event: 45.546 Thread 0x0000013ac43e2d70 flushing  nmethod 0x0000013ab3a19190
Event: 45.546 Thread 0x0000013ac43e2d70 flushing  nmethod 0x0000013ab3a19610
Event: 45.546 Thread 0x0000013ac43e2d70 flushing  nmethod 0x0000013ab3a32110

Events (20 events):
Event: 94.275 Thread 0x0000013b0fa9b7d0 Thread added: 0x0000013b0faa0000
Event: 94.275 Thread 0x0000013b0faa0000 Thread added: 0x0000013b0faa13b0
Event: 94.276 Thread 0x0000013b0faa0690 Thread added: 0x0000013b0fa9f2e0
Event: 94.276 Thread 0x0000013b0fa9b7d0 Thread added: 0x0000013b0faa20d0
Event: 94.277 Thread 0x0000013b0faa13b0 Thread added: 0x0000013b0faa1a40
Event: 94.619 Thread 0x0000013b0beb02b0 Thread added: 0x0000013b0faa2760
Event: 94.619 Thread 0x0000013b0beb02b0 Thread added: 0x0000013b0fa9f970
Event: 94.620 Thread 0x0000013b0beb02b0 Thread added: 0x0000013b0beaef00
Event: 94.620 Thread 0x0000013b0beb02b0 Thread added: 0x0000013b0e302ec0
Event: 94.621 Thread 0x0000013b0beb02b0 Thread added: 0x0000013b0e3021a0
Event: 94.621 Thread 0x0000013b0beaef00 Thread added: 0x0000013b0e303550
Event: 94.828 Thread 0x0000013b0c9d0f30 Thread exited: 0x0000013b0c9d0f30
Event: 94.954 Thread 0x0000013ac441bd20 Thread added: 0x0000013ab00bae20
Event: 95.375 Thread 0x0000013ab00bae20 Thread exited: 0x0000013ab00bae20
Event: 96.673 Thread 0x0000013ac441bd20 Thread added: 0x0000013b0e3830c0
Event: 97.158 Thread 0x0000013b0e3830c0 Thread exited: 0x0000013b0e3830c0
Event: 97.295 Thread 0x0000013ac441bd20 Thread added: 0x0000013b0e3830c0
Event: 97.295 Thread 0x0000013ac441bd20 Thread added: 0x0000013b0e0f50d0
Event: 97.499 Thread 0x0000013b0e0f50d0 Thread exited: 0x0000013b0e0f50d0
Event: 97.691 Thread 0x0000013ac441bd20 Thread added: 0x0000013b0e0f50d0


Dynamic libraries:
0x00007ff6f03d0000 - 0x00007ff6f03de000 	c:\Users\fatim\.vscode\extensions\redhat.java-1.40.0-win32-x64\jre\21.0.6-win32-x86_64\bin\java.exe
0x00007ffe367e0000 - 0x00007ffe36a43000 	C:\WINDOWS\SYSTEM32\ntdll.dll
0x00007ffe35780000 - 0x00007ffe35847000 	C:\WINDOWS\System32\KERNEL32.DLL
0x00007ffe33dc0000 - 0x00007ffe34187000 	C:\WINDOWS\System32\KERNELBASE.dll
0x00007ffe34310000 - 0x00007ffe3445c000 	C:\WINDOWS\System32\ucrtbase.dll
0x00007ffdc9ab0000 - 0x00007ffdc9ac8000 	c:\Users\fatim\.vscode\extensions\redhat.java-1.40.0-win32-x64\jre\21.0.6-win32-x86_64\bin\jli.dll
0x00007ffdc7d70000 - 0x00007ffdc7d8e000 	c:\Users\fatim\.vscode\extensions\redhat.java-1.40.0-win32-x64\jre\21.0.6-win32-x86_64\bin\VCRUNTIME140.dll
0x00007ffe35be0000 - 0x00007ffe35da9000 	C:\WINDOWS\System32\USER32.dll
0x00007ffe1e1d0000 - 0x00007ffe1e460000 	C:\WINDOWS\WinSxS\amd64_microsoft.windows.common-controls_6595b64144ccf1df_6.0.26100.3037_none_3e09262ce333c378\COMCTL32.dll
0x00007ffe33d90000 - 0x00007ffe33db7000 	C:\WINDOWS\System32\win32u.dll
0x00007ffe34b70000 - 0x00007ffe34b9a000 	C:\WINDOWS\System32\GDI32.dll
0x00007ffe36260000 - 0x00007ffe36309000 	C:\WINDOWS\System32\msvcrt.dll
0x00007ffe344f0000 - 0x00007ffe3461b000 	C:\WINDOWS\System32\gdi32full.dll
0x00007ffe33c20000 - 0x00007ffe33cc3000 	C:\WINDOWS\System32\msvcp_win.dll
0x00007ffe36120000 - 0x00007ffe3614f000 	C:\WINDOWS\System32\IMM32.DLL
0x00007ffe0ca80000 - 0x00007ffe0ca8c000 	c:\Users\fatim\.vscode\extensions\redhat.java-1.40.0-win32-x64\jre\21.0.6-win32-x86_64\bin\vcruntime140_1.dll
0x00007ffdac900000 - 0x00007ffdac98d000 	c:\Users\fatim\.vscode\extensions\redhat.java-1.40.0-win32-x64\jre\21.0.6-win32-x86_64\bin\msvcp140.dll
0x00007ffd83110000 - 0x00007ffd83ea0000 	c:\Users\fatim\.vscode\extensions\redhat.java-1.40.0-win32-x64\jre\21.0.6-win32-x86_64\bin\server\jvm.dll
0x00007ffe34ab0000 - 0x00007ffe34b64000 	C:\WINDOWS\System32\ADVAPI32.dll
0x00007ffe35f20000 - 0x00007ffe35fc6000 	C:\WINDOWS\System32\sechost.dll
0x00007ffe34c20000 - 0x00007ffe34d36000 	C:\WINDOWS\System32\RPCRT4.dll
0x00007ffe35dc0000 - 0x00007ffe35e34000 	C:\WINDOWS\System32\WS2_32.dll
0x00007ffe32fe0000 - 0x00007ffe3302e000 	C:\WINDOWS\SYSTEM32\POWRPROF.dll
0x00007ffe2b560000 - 0x00007ffe2b56b000 	C:\WINDOWS\SYSTEM32\VERSION.dll
0x00007ffe22330000 - 0x00007ffe22366000 	C:\WINDOWS\SYSTEM32\WINMM.dll
0x00007ffe32fc0000 - 0x00007ffe32fd4000 	C:\WINDOWS\SYSTEM32\UMPDC.dll
0x00007ffe32970000 - 0x00007ffe3298a000 	C:\WINDOWS\SYSTEM32\kernel.appcore.dll
0x00007ffe0a770000 - 0x00007ffe0a77a000 	c:\Users\fatim\.vscode\extensions\redhat.java-1.40.0-win32-x64\jre\21.0.6-win32-x86_64\bin\jimage.dll
0x00007ffe313c0000 - 0x00007ffe31601000 	C:\WINDOWS\SYSTEM32\DBGHELP.DLL
0x00007ffe34620000 - 0x00007ffe3499e000 	C:\WINDOWS\System32\combase.dll
0x00007ffe35e40000 - 0x00007ffe35f16000 	C:\WINDOWS\System32\OLEAUT32.dll
0x00007ffe1f0b0000 - 0x00007ffe1f0e9000 	C:\WINDOWS\SYSTEM32\dbgcore.DLL
0x00007ffe33b80000 - 0x00007ffe33c19000 	C:\WINDOWS\System32\bcryptPrimitives.dll
0x00007ffe0aca0000 - 0x00007ffe0acaf000 	c:\Users\fatim\.vscode\extensions\redhat.java-1.40.0-win32-x64\jre\21.0.6-win32-x86_64\bin\instrument.dll
0x00007ffdc6500000 - 0x00007ffdc651f000 	c:\Users\fatim\.vscode\extensions\redhat.java-1.40.0-win32-x64\jre\21.0.6-win32-x86_64\bin\java.dll
0x00007ffe34d40000 - 0x00007ffe35444000 	C:\WINDOWS\System32\SHELL32.dll
0x00007ffe31860000 - 0x00007ffe32097000 	C:\WINDOWS\SYSTEM32\windows.storage.dll
0x00007ffe36160000 - 0x00007ffe36249000 	C:\WINDOWS\System32\SHCORE.dll
0x00007ffe359e0000 - 0x00007ffe35a3d000 	C:\WINDOWS\System32\shlwapi.dll
0x00007ffe33a90000 - 0x00007ffe33abe000 	C:\WINDOWS\SYSTEM32\profapi.dll
0x00007ffdc64e0000 - 0x00007ffdc64f8000 	c:\Users\fatim\.vscode\extensions\redhat.java-1.40.0-win32-x64\jre\21.0.6-win32-x86_64\bin\zip.dll
0x00007ffe09cb0000 - 0x00007ffe09cc0000 	C:\Users\fatim\.vscode\extensions\redhat.java-1.40.0-win32-x64\jre\21.0.6-win32-x86_64\bin\net.dll
0x00007ffe2c640000 - 0x00007ffe2c75e000 	C:\WINDOWS\SYSTEM32\WINHTTP.dll
0x00007ffe32ed0000 - 0x00007ffe32f3a000 	C:\WINDOWS\system32\mswsock.dll
0x00007ffdc3cf0000 - 0x00007ffdc3d06000 	C:\Users\fatim\.vscode\extensions\redhat.java-1.40.0-win32-x64\jre\21.0.6-win32-x86_64\bin\nio.dll
0x00007ffe096f0000 - 0x00007ffe09700000 	c:\Users\fatim\.vscode\extensions\redhat.java-1.40.0-win32-x64\jre\21.0.6-win32-x86_64\bin\verify.dll
0x00007ffdaed80000 - 0x00007ffdaedc5000 	C:\Users\fatim\AppData\Roaming\Code\User\globalStorage\redhat.java\1.40.0\config_win\org.eclipse.equinox.launcher\org.eclipse.equinox.launcher.win32.win32.x86_64_1.2.1200.v20250212-0927\eclipse_11909.dll
0x00007ffe35a40000 - 0x00007ffe35bd5000 	C:\WINDOWS\System32\ole32.dll
0x00007ffe33320000 - 0x00007ffe3333c000 	C:\WINDOWS\SYSTEM32\CRYPTSP.dll
0x00007ffe328d0000 - 0x00007ffe32908000 	C:\WINDOWS\system32\rsaenh.dll
0x00007ffe32f70000 - 0x00007ffe32f9b000 	C:\WINDOWS\SYSTEM32\USERENV.dll
0x00007ffe334b0000 - 0x00007ffe334d6000 	C:\WINDOWS\SYSTEM32\bcrypt.dll
0x00007ffe331a0000 - 0x00007ffe331ac000 	C:\WINDOWS\SYSTEM32\CRYPTBASE.dll
0x00007ffe32390000 - 0x00007ffe323c2000 	C:\WINDOWS\SYSTEM32\IPHLPAPI.DLL
0x00007ffe36110000 - 0x00007ffe3611a000 	C:\WINDOWS\System32\NSI.dll
0x00007ffdc6570000 - 0x00007ffdc65b9000 	C:\Users\fatim\AppData\Local\Temp\jna--1281652220\jna12493803686975078702.dll
0x00007ffe36250000 - 0x00007ffe36258000 	C:\WINDOWS\System32\PSAPI.DLL
0x00007ffe2c610000 - 0x00007ffe2c62f000 	C:\WINDOWS\SYSTEM32\dhcpcsvc6.DLL
0x00007ffe2c420000 - 0x00007ffe2c445000 	C:\WINDOWS\SYSTEM32\dhcpcsvc.DLL

dbghelp: loaded successfully - version: 4.0.5 - missing functions: none
symbol engine: initialized successfully - sym options: 0x614 - pdb path: .;c:\Users\fatim\.vscode\extensions\redhat.java-1.40.0-win32-x64\jre\21.0.6-win32-x86_64\bin;C:\WINDOWS\SYSTEM32;C:\WINDOWS\WinSxS\amd64_microsoft.windows.common-controls_6595b64144ccf1df_6.0.26100.3037_none_3e09262ce333c378;c:\Users\fatim\.vscode\extensions\redhat.java-1.40.0-win32-x64\jre\21.0.6-win32-x86_64\bin\server;C:\Users\fatim\AppData\Roaming\Code\User\globalStorage\redhat.java\1.40.0\config_win\org.eclipse.equinox.launcher\org.eclipse.equinox.launcher.win32.win32.x86_64_1.2.1200.v20250212-0927;C:\Users\fatim\AppData\Local\Temp\jna--1281652220

VM Arguments:
jvm_args: --add-modules=ALL-SYSTEM --add-opens=java.base/java.util=ALL-UNNAMED --add-opens=java.base/java.lang=ALL-UNNAMED --add-opens=java.base/sun.nio.fs=ALL-UNNAMED -Declipse.application=org.eclipse.jdt.ls.core.id1 -Dosgi.bundles.defaultStartLevel=4 -Declipse.product=org.eclipse.jdt.ls.core.product -Djava.import.generatesMetadataFilesAtProjectRoot=false -DDetectVMInstallationsJob.disabled=true -Dfile.encoding=utf8 -XX:+UseParallelGC -XX:GCTimeRatio=4 -XX:AdaptiveSizePolicyWeight=90 -Dsun.zip.disableMemoryMapping=true -Xmx1G -Xms100m -Xlog:disable -javaagent:c:\Users\fatim\.vscode\extensions\redhat.java-1.40.0-win32-x64\lombok\lombok-1.18.36.jar -XX:+HeapDumpOnOutOfMemoryError -XX:HeapDumpPath=c:\Users\fatim\AppData\Roaming\Code\User\workspaceStorage\fea0dc0e6c48a7c3900dd058ab10fd51\redhat.java -Daether.dependencyCollector.impl=bf 
java_command: c:\Users\fatim\.vscode\extensions\redhat.java-1.40.0-win32-x64\server\plugins\org.eclipse.equinox.launcher_1.6.1000.v20250131-0606.jar -configuration c:\Users\fatim\AppData\Roaming\Code\User\globalStorage\redhat.java\1.40.0\config_win -data c:\Users\fatim\AppData\Roaming\Code\User\workspaceStorage\fea0dc0e6c48a7c3900dd058ab10fd51\redhat.java\jdt_ws --pipe=\\.\pipe\lsp-f067dc8d77cb5a03d67c4c02be08b3bb-sock
java_class_path (initial): c:\Users\fatim\.vscode\extensions\redhat.java-1.40.0-win32-x64\server\plugins\org.eclipse.equinox.launcher_1.6.1000.v20250131-0606.jar
Launcher Type: SUN_STANDARD

[Global flags]
    uintx AdaptiveSizePolicyWeight                 = 90                                        {product} {command line}
     intx CICompilerCount                          = 4                                         {product} {ergonomic}
    uintx GCTimeRatio                              = 4                                         {product} {command line}
     bool HeapDumpOnOutOfMemoryError               = true                                   {manageable} {command line}
    ccstr HeapDumpPath                             = c:\Users\fatim\AppData\Roaming\Code\User\workspaceStorage\fea0dc0e6c48a7c3900dd058ab10fd51\redhat.java         {manageable} {command line}
   size_t InitialHeapSize                          = 104857600                                 {product} {command line}
   size_t MaxHeapSize                              = 1073741824                                {product} {command line}
   size_t MaxNewSize                               = 357564416                                 {product} {ergonomic}
   size_t MinHeapDeltaBytes                        = 524288                                    {product} {ergonomic}
   size_t MinHeapSize                              = 104857600                                 {product} {command line}
   size_t NewSize                                  = 34603008                                  {product} {ergonomic}
    uintx NonNMethodCodeHeapSize                   = 5839372                                {pd product} {ergonomic}
    uintx NonProfiledCodeHeapSize                  = 122909434                              {pd product} {ergonomic}
   size_t OldSize                                  = 70254592                                  {product} {ergonomic}
    uintx ProfiledCodeHeapSize                     = 122909434                              {pd product} {ergonomic}
    uintx ReservedCodeCacheSize                    = 251658240                              {pd product} {ergonomic}
     bool SegmentedCodeCache                       = true                                      {product} {ergonomic}
   size_t SoftMaxHeapSize                          = 1073741824                             {manageable} {ergonomic}
     bool UseCompressedOops                        = true                           {product lp64_product} {ergonomic}
     bool UseLargePagesIndividualAllocation        = false                                  {pd product} {ergonomic}
     bool UseParallelGC                            = true                                      {product} {command line}

Logging:
Log output configuration:
 #0: stdout all=off uptime,level,tags foldmultilines=false
 #1: stderr all=off uptime,level,tags foldmultilines=false

Environment Variables:
JAVA_HOME=C:\Program Files\Java\jdk-17
PATH=C:\Program Files\Java\bin;C:\Program Files\Common Files\Oracle\Java\javapath;C:\WINDOWS\system32;C:\WINDOWS;C:\WINDOWS\System32\Wbem;C:\WINDOWS\System32\WindowsPowerShell\v1.0\;C:\WINDOWS\System32\OpenSSH\;C:\DevTools\apache-maven-3.9.4-bin\apache-maven-3.9.4\bin;C:\Program Files\Java\jdk-17\bin;C:\Program Files\Git\cmd;C:\Program Files\Java\jdk-21\bin;C:\Program Files\nodejs\;C:\Program Files\nodejs;C:\Program Files\Docker\Docker\resources\bin;C:\Program Files\Microsoft SQL Server\Client SDK\ODBC\170\Tools\Binn\;C:\Program Files\Microsoft SQL Server\150\Tools\Binn\;C:\Program Files\dotnet\;C:\Program Files (x86)\Microsoft SQL Server\160\Tools\Binn\;C:\Program Files\Microsoft SQL Server\160\Tools\Binn\;C:\Program Files\Microsoft SQL Server\160\DTS\Binn\;C:\Program Files (x86)\Microsoft SQL Server\160\DTS\Binn\;C:\Users\fatim\Desktop\xampp2\php;C:\ProgramData\ComposerSetup\bin;C:\Program Files\CMake\New Folder\bin;C:\Program Files\Java\jdk-17\bin;C:\Program Files\Java\jdk-17\bin;C:\Users\fatim\AppData\Local\Pub\Cache\bin;C:\flutter\bin;C:\Users\fatim\AppData\Local\Programs\Python\Python38\Scripts\;C:\Users\fatim\AppData\Local\Programs\Python\Python38\;C:\Users\fatim\AppData\Local\Programs\Python\Launcher\;C:\Users\fatim\AppData\Local\Microsoft\WindowsApps;C:\Users\fatim\AppData\Local\Programs\Microsoft VS Code\bin;C:\Users\fatim\AppData\Roaming\npm;C:\Program Files\nodejs;C:\Users\fatim\.dotnet\tools;C:\Users\fatim\AppData\Roaming\Composer\vendor\bin;C:\MinGW\bin;C:\gradle-8.12\bin;C:\Program Files\Java\jdk-21\bin;C:\Program Files\Java\jdk-17\bin;C:\Program Files\Java\bin;C:\Program Files\Java\jdk-17\bin;C:\Users\fatim\AppData\Local\Pub\Cache\bin;C:\flutter\bin;C:\msys64\clang64\bin;
USERNAME=fatima
OS=Windows_NT
PROCESSOR_IDENTIFIER=Intel64 Family 6 Model 142 Stepping 10, GenuineIntel
TMP=C:\Users\fatim\AppData\Local\Temp
TEMP=C:\Users\fatim\AppData\Local\Temp




Periodic native trim disabled

---------------  S Y S T E M  ---------------

OS:
 Windows 11 , 64 bit Build 26100 (10.0.26100.3037)
OS uptime: 0 days 13:31 hours
Hyper-V role detected

CPU: total 8 (initial active 8) (4 cores per cpu, 2 threads per core) family 6 model 142 stepping 10 microcode 0xe0, cx8, cmov, fxsr, ht, mmx, 3dnowpref, sse, sse2, sse3, ssse3, sse4.1, sse4.2, popcnt, lzcnt, tsc, tscinvbit, avx, avx2, aes, erms, clmul, bmi1, bmi2, adx, fma, vzeroupper, clflush, clflushopt, hv, rdtscp, f16c
Processor Information for the first 8 processors :
  Max Mhz: 2001, Current Mhz: 1500, Mhz Limit: 2001

Memory: 4k page, system-wide physical 8108M (1047M free)
TotalPageFile size 16456M (AvailPageFile size 2M)
current process WorkingSet (physical memory assigned to process): 973M, peak: 973M
current process commit charge ("private bytes"): 874M, peak: 942M

vm_info: OpenJDK 64-Bit Server VM (21.0.6+7-LTS) for windows-amd64 JRE (21.0.6+7-LTS), built on 2025-01-21T00:00:00Z by "admin" with MS VC++ 17.7 (VS2022)

END.
